Release 14.7 - xst P.20131013 (nt64)
Copyright (c) 1995-2013 Xilinx, Inc.  All rights reserved.
--> Parameter TMPDIR set to xst/projnav.tmp


Total REAL time to Xst completion: 0.00 secs
Total CPU time to Xst completion: 0.11 secs
 
--> Parameter xsthdpdir set to xst


Total REAL time to Xst completion: 0.00 secs
Total CPU time to Xst completion: 0.11 secs
 
--> Reading design: main.prj

TABLE OF CONTENTS
  1) Synthesis Options Summary
  2) HDL Parsing
  3) HDL Elaboration
  4) HDL Synthesis
       4.1) HDL Synthesis Report
  5) Advanced HDL Synthesis
       5.1) Advanced HDL Synthesis Report
  6) Low Level Synthesis
  7) Partition Report
  8) Design Summary
       8.1) Primitive and Black Box Usage
       8.2) Device utilization summary
       8.3) Partition Resource Summary
       8.4) Timing Report
            8.4.1) Clock Information
            8.4.2) Asynchronous Control Signals Information
            8.4.3) Timing Summary
            8.4.4) Timing Details
            8.4.5) Cross Clock Domains Report


=========================================================================
*                      Synthesis Options Summary                        *
=========================================================================
---- Source Parameters
Input File Name                    : "main.prj"
Ignore Synthesis Constraint File   : NO

---- Target Parameters
Output File Name                   : "main"
Output Format                      : NGC
Target Device                      : xc6slx9-3-tqg144

---- Source Options
Top Module Name                    : main
Automatic FSM Extraction           : YES
FSM Encoding Algorithm             : Auto
Safe Implementation                : No
FSM Style                          : LUT
RAM Extraction                     : Yes
RAM Style                          : Auto
ROM Extraction                     : Yes
Shift Register Extraction          : YES
ROM Style                          : Auto
Resource Sharing                   : YES
Asynchronous To Synchronous        : NO
Shift Register Minimum Size        : 2
Use DSP Block                      : Auto
Automatic Register Balancing       : No

---- Target Options
LUT Combining                      : Auto
Reduce Control Sets                : Auto
Add IO Buffers                     : YES
Global Maximum Fanout              : 100000
Add Generic Clock Buffer(BUFG)     : 16
Register Duplication               : YES
Optimize Instantiated Primitives   : NO
Use Clock Enable                   : Auto
Use Synchronous Set                : Auto
Use Synchronous Reset              : Auto
Pack IO Registers into IOBs        : Auto
Equivalent register Removal        : YES

---- General Options
Optimization Goal                  : Speed
Optimization Effort                : 1
Power Reduction                    : NO
Keep Hierarchy                     : No
Netlist Hierarchy                  : As_Optimized
RTL Output                         : Yes
Global Optimization                : AllClockNets
Read Cores                         : YES
Write Timing Constraints           : NO
Cross Clock Analysis               : NO
Hierarchy Separator                : /
Bus Delimiter                      : <>
Case Specifier                     : Maintain
Slice Utilization Ratio            : 100
BRAM Utilization Ratio             : 100
DSP48 Utilization Ratio            : 100
Auto BRAM Packing                  : NO
Slice Utilization Ratio Delta      : 5

=========================================================================


=========================================================================
*                          HDL Parsing                                  *
=========================================================================
Analyzing Verilog file "C:\Users\Admin\Desktop\RoboticArm\RoboticArm\count09.vf" into library work
Parsing module <FJKC_HXILINX_count09>.
Parsing module <count09>.
Analyzing Verilog file "C:\Users\Admin\Desktop\RoboticArm\RoboticArm\HEX2SEG.vf" into library work
Parsing module <D4_16E_HXILINX_HEX2SEG>.
Parsing module <OR6_HXILINX_HEX2SEG>.
Parsing module <HEX2SEG>.
Analyzing Verilog file "C:\Users\Admin\Desktop\RoboticArm\RoboticArm\DIV_400.vf" into library work
Parsing module <FTC_HXILINX_DIV_400>.
Parsing module <CD4CE_HXILINX_DIV_400>.
Parsing module <DIV_400>.
Analyzing Verilog file "C:\Users\Admin\Desktop\RoboticArm\RoboticArm\div100k.vf" into library work
Parsing module <FJKC_HXILINX_div100k>.
Parsing module <count09_MUSER_div100k>.
Parsing module <div100k>.
Analyzing Verilog file "C:\Users\Admin\Desktop\RoboticArm\RoboticArm\segment_upgrade.vf" into library work
Parsing module <D4_16E_HXILINX_segment_upgrade>.
Parsing module <OR6_HXILINX_segment_upgrade>.
Parsing module <M4_1E_HXILINX_segment_upgrade>.
Parsing module <FJKC_HXILINX_segment_upgrade>.
Parsing module <D2_4E_HXILINX_segment_upgrade>.
Parsing module <CB2CE_HXILINX_segment_upgrade>.
Parsing module <HEX2SEG_MUSER_segment_upgrade>.
Parsing module <count09_MUSER_segment_upgrade>.
Parsing module <div100k_MUSER_segment_upgrade>.
Parsing module <segment_upgrade>.
Analyzing Verilog file "C:\Users\Admin\Desktop\RoboticArm\RoboticArm\RegSIPO_16.vf" into library work
Parsing module <RegSIPO_16>.
Analyzing Verilog file "C:\Users\Admin\Desktop\RoboticArm\RoboticArm\RegPIPO_16.vf" into library work
Parsing module <RegPIPO_16>.
Analyzing Verilog file "C:\Users\Admin\Desktop\RoboticArm\RoboticArm\PWM_Gen.vf" into library work
Parsing module <CC16CE_HXILINX_PWM_Gen>.
Parsing module <FTC_HXILINX_PWM_Gen>.
Parsing module <COMPM16_HXILINX_PWM_Gen>.
Parsing module <CD4CE_HXILINX_PWM_Gen>.
Parsing module <COMP16_HXILINX_PWM_Gen>.
Parsing module <DIV_400_MUSER_PWM_Gen>.
Parsing module <PWM_Gen>.
Analyzing Verilog file "C:\Users\Admin\Desktop\RoboticArm\RoboticArm\Counter8_TC.vf" into library work
Parsing module <CB4CE_HXILINX_Counter8_TC>.
Parsing module <Counter8_TC>.
Analyzing Verilog file "C:\Users\Admin\Desktop\RoboticArm\RoboticArm\main.vf" into library work
Parsing module <CB4CE_HXILINX_main>.
Parsing module <CC16CE_HXILINX_main>.
Parsing module <D4_16E_HXILINX_main>.
Parsing module <FTC_HXILINX_main>.
Parsing module <COMPM16_HXILINX_main>.
Parsing module <OR6_HXILINX_main>.
Parsing module <CD4CE_HXILINX_main>.
Parsing module <M4_1E_HXILINX_main>.
Parsing module <FJKC_HXILINX_main>.
Parsing module <D2_4E_HXILINX_main>.
Parsing module <COMP16_HXILINX_main>.
Parsing module <CB2CE_HXILINX_main>.
Parsing module <RegPIPO_16_MUSER_main>.
Parsing module <RegSIPO_16_MUSER_main>.
Parsing module <HEX2SEG_MUSER_main>.
Parsing module <count09_MUSER_main>.
Parsing module <div100k_MUSER_main>.
Parsing module <segment_upgrade_MUSER_main>.
Parsing module <DIV_400_MUSER_main>.
Parsing module <PWM_Gen_MUSER_main>.
Parsing module <Counter8_TC_MUSER_main>.
Parsing module <main>.

=========================================================================
*                            HDL Elaboration                            *
=========================================================================

Elaborating module <main>.

Elaborating module <PWM_Gen_MUSER_main>.

Elaborating module <CC16CE_HXILINX_main>.
WARNING:HDLCompiler:413 - "C:\Users\Admin\Desktop\RoboticArm\RoboticArm\main.vf" Line 76: Result of 17-bit expression is truncated to fit in 16-bit target.

Elaborating module <VCC>.

Elaborating module <COMPM16_HXILINX_main>.

Elaborating module <DIV_400_MUSER_main>.

Elaborating module <FTC_HXILINX_main>.

Elaborating module <CD4CE_HXILINX_main>.
WARNING:HDLCompiler:413 - "C:\Users\Admin\Desktop\RoboticArm\RoboticArm\main.vf" Line 251: Result of 5-bit expression is truncated to fit in 4-bit target.
WARNING:HDLCompiler:634 - "C:\Users\Admin\Desktop\RoboticArm\RoboticArm\main.vf" Line 873: Net <XLXN_9> does not have a driver.

Elaborating module <COMP16_HXILINX_main>.

Elaborating module <GND>.

Elaborating module <Counter8_TC_MUSER_main>.

Elaborating module <CB4CE_HXILINX_main>.
WARNING:HDLCompiler:413 - "C:\Users\Admin\Desktop\RoboticArm\RoboticArm\main.vf" Line 48: Result of 5-bit expression is truncated to fit in 4-bit target.

Elaborating module <NAND3>.

Elaborating module <segment_upgrade_MUSER_main>.

Elaborating module <CB2CE_HXILINX_main>.
WARNING:HDLCompiler:413 - "C:\Users\Admin\Desktop\RoboticArm\RoboticArm\main.vf" Line 400: Result of 3-bit expression is truncated to fit in 2-bit target.

Elaborating module <D2_4E_HXILINX_main>.

Elaborating module <INV>.

Elaborating module <div100k_MUSER_main>.

Elaborating module <count09_MUSER_main>.

Elaborating module <FJKC_HXILINX_main>.

Elaborating module <AND4>.

Elaborating module <M4_1E_HXILINX_main>.

Elaborating module <HEX2SEG_MUSER_main>.

Elaborating module <OR4>.

Elaborating module <D4_16E_HXILINX_main>.

Elaborating module <OR6_HXILINX_main>.

Elaborating module <OR5>.
WARNING:HDLCompiler:552 - "C:\Users\Admin\Desktop\RoboticArm\RoboticArm\main.vf" Line 793: Input port CLR is not connected on this instance

Elaborating module <RegSIPO_16_MUSER_main>.

Elaborating module <FD(INIT=1'b0)>.

Elaborating module <RegPIPO_16_MUSER_main>.

=========================================================================
*                           HDL Synthesis                               *
=========================================================================

Synthesizing Unit <main>.
    Related source file is "C:\Users\Admin\Desktop\RoboticArm\RoboticArm\main.vf".
    Set property "HU_SET = XLXI_25_21" for instance <XLXI_25>.
INFO:Xst:3210 - "C:\Users\Admin\Desktop\RoboticArm\RoboticArm\main.vf" line 1034: Output port <DataOut> of the instance <XLXI_36> is unconnected or connected to loadless signal.
    Summary:
	no macro.
Unit <main> synthesized.

Synthesizing Unit <PWM_Gen_MUSER_main>.
    Related source file is "C:\Users\Admin\Desktop\RoboticArm\RoboticArm\main.vf".
    Set property "HU_SET = XLXI_2_17" for instance <XLXI_2>.
    Set property "HU_SET = XLXI_8_18" for instance <XLXI_8>.
    Set property "HU_SET = XLXI_10_19" for instance <XLXI_10>.
INFO:Xst:3210 - "C:\Users\Admin\Desktop\RoboticArm\RoboticArm\main.vf" line 925: Output port <CEO> of the instance <XLXI_2> is unconnected or connected to loadless signal.
INFO:Xst:3210 - "C:\Users\Admin\Desktop\RoboticArm\RoboticArm\main.vf" line 925: Output port <TC> of the instance <XLXI_2> is unconnected or connected to loadless signal.
INFO:Xst:3210 - "C:\Users\Admin\Desktop\RoboticArm\RoboticArm\main.vf" line 933: Output port <GT> of the instance <XLXI_8> is unconnected or connected to loadless signal.
    Summary:
	no macro.
Unit <PWM_Gen_MUSER_main> synthesized.

Synthesizing Unit <CC16CE_HXILINX_main>.
    Related source file is "C:\Users\Admin\Desktop\RoboticArm\RoboticArm\main.vf".
        TERMINAL_COUNT = 16'b1111111111111111
    Found 16-bit register for signal <Q>.
    Found 16-bit adder for signal <Q[15]_GND_3_o_add_0_OUT> created at line 76.
    Summary:
	inferred   1 Adder/Subtractor(s).
	inferred  16 D-type flip-flop(s).
	inferred   1 Multiplexer(s).
Unit <CC16CE_HXILINX_main> synthesized.

Synthesizing Unit <COMPM16_HXILINX_main>.
    Related source file is "C:\Users\Admin\Desktop\RoboticArm\RoboticArm\main.vf".
    Found 16-bit comparator greater for signal <GT> created at line 191
    Found 16-bit comparator greater for signal <LT> created at line 192
    Summary:
	inferred   2 Comparator(s).
Unit <COMPM16_HXILINX_main> synthesized.

Synthesizing Unit <DIV_400_MUSER_main>.
    Related source file is "C:\Users\Admin\Desktop\RoboticArm\RoboticArm\main.vf".
    Set property "HU_SET = XLXI_1_13" for instance <XLXI_1>.
    Set property "HU_SET = XLXI_3_15" for instance <XLXI_3>.
    Set property "HU_SET = XLXI_4_14" for instance <XLXI_4>.
    Set property "HU_SET = XLXI_8_16" for instance <XLXI_8>.
INFO:Xst:3210 - "C:\Users\Admin\Desktop\RoboticArm\RoboticArm\main.vf" line 882: Output port <CEO> of the instance <XLXI_3> is unconnected or connected to loadless signal.
INFO:Xst:3210 - "C:\Users\Admin\Desktop\RoboticArm\RoboticArm\main.vf" line 882: Output port <Q0> of the instance <XLXI_3> is unconnected or connected to loadless signal.
INFO:Xst:3210 - "C:\Users\Admin\Desktop\RoboticArm\RoboticArm\main.vf" line 882: Output port <Q1> of the instance <XLXI_3> is unconnected or connected to loadless signal.
INFO:Xst:3210 - "C:\Users\Admin\Desktop\RoboticArm\RoboticArm\main.vf" line 882: Output port <Q2> of the instance <XLXI_3> is unconnected or connected to loadless signal.
INFO:Xst:3210 - "C:\Users\Admin\Desktop\RoboticArm\RoboticArm\main.vf" line 882: Output port <Q3> of the instance <XLXI_3> is unconnected or connected to loadless signal.
INFO:Xst:3210 - "C:\Users\Admin\Desktop\RoboticArm\RoboticArm\main.vf" line 897: Output port <CEO> of the instance <XLXI_8> is unconnected or connected to loadless signal.
INFO:Xst:3210 - "C:\Users\Admin\Desktop\RoboticArm\RoboticArm\main.vf" line 897: Output port <Q0> of the instance <XLXI_8> is unconnected or connected to loadless signal.
INFO:Xst:3210 - "C:\Users\Admin\Desktop\RoboticArm\RoboticArm\main.vf" line 897: Output port <Q1> of the instance <XLXI_8> is unconnected or connected to loadless signal.
INFO:Xst:3210 - "C:\Users\Admin\Desktop\RoboticArm\RoboticArm\main.vf" line 897: Output port <Q2> of the instance <XLXI_8> is unconnected or connected to loadless signal.
INFO:Xst:3210 - "C:\Users\Admin\Desktop\RoboticArm\RoboticArm\main.vf" line 897: Output port <Q3> of the instance <XLXI_8> is unconnected or connected to loadless signal.
WARNING:Xst:653 - Signal <XLXN_9> is used but never assigned. This sourceless signal will be automatically connected to value GND.
    Summary:
	no macro.
Unit <DIV_400_MUSER_main> synthesized.

Synthesizing Unit <FTC_HXILINX_main>.
    Related source file is "C:\Users\Admin\Desktop\RoboticArm\RoboticArm\main.vf".
        INIT = 1'b0
    Found 1-bit register for signal <Q>.
    Summary:
	inferred   1 D-type flip-flop(s).
Unit <FTC_HXILINX_main> synthesized.

Synthesizing Unit <CD4CE_HXILINX_main>.
    Related source file is "C:\Users\Admin\Desktop\RoboticArm\RoboticArm\main.vf".
        TERMINAL_COUNT = 4'b1001
    Found 1-bit register for signal <Q1>.
    Found 1-bit register for signal <Q2>.
    Found 1-bit register for signal <Q3>.
    Found 1-bit register for signal <Q0>.
    Found 4-bit adder for signal <Q3_GND_8_o_add_4_OUT> created at line 251.
    Summary:
	inferred   1 Adder/Subtractor(s).
	inferred   4 D-type flip-flop(s).
	inferred   7 Multiplexer(s).
Unit <CD4CE_HXILINX_main> synthesized.

Synthesizing Unit <COMP16_HXILINX_main>.
    Related source file is "C:\Users\Admin\Desktop\RoboticArm\RoboticArm\main.vf".
    Found 16-bit comparator equal for signal <EQ> created at line 374
    Summary:
	inferred   1 Comparator(s).
Unit <COMP16_HXILINX_main> synthesized.

Synthesizing Unit <Counter8_TC_MUSER_main>.
    Related source file is "C:\Users\Admin\Desktop\RoboticArm\RoboticArm\main.vf".
    Set property "HU_SET = XLXI_1_20" for instance <XLXI_1>.
INFO:Xst:3210 - "C:\Users\Admin\Desktop\RoboticArm\RoboticArm\main.vf" line 975: Output port <CEO> of the instance <XLXI_1> is unconnected or connected to loadless signal.
INFO:Xst:3210 - "C:\Users\Admin\Desktop\RoboticArm\RoboticArm\main.vf" line 975: Output port <TC> of the instance <XLXI_1> is unconnected or connected to loadless signal.
    Summary:
	no macro.
Unit <Counter8_TC_MUSER_main> synthesized.

Synthesizing Unit <CB4CE_HXILINX_main>.
    Related source file is "C:\Users\Admin\Desktop\RoboticArm\RoboticArm\main.vf".
    Found 1-bit register for signal <Q1>.
    Found 1-bit register for signal <Q2>.
    Found 1-bit register for signal <Q3>.
    Found 1-bit register for signal <Q0>.
    Found 4-bit adder for signal <Q3_GND_12_o_add_0_OUT> created at line 48.
    Summary:
	inferred   1 Adder/Subtractor(s).
	inferred   4 D-type flip-flop(s).
Unit <CB4CE_HXILINX_main> synthesized.

Synthesizing Unit <segment_upgrade_MUSER_main>.
    Related source file is "C:\Users\Admin\Desktop\RoboticArm\RoboticArm\main.vf".
    Set property "HU_SET = XLXI_106_7" for instance <XLXI_106>.
    Set property "HU_SET = XLXI_107_8" for instance <XLXI_107>.
    Set property "HU_SET = XLXI_1683_0_12" for instance <XLXI_1683_0>.
    Set property "HU_SET = XLXI_1683_1_11" for instance <XLXI_1683_1>.
    Set property "HU_SET = XLXI_1683_2_10" for instance <XLXI_1683_2>.
    Set property "HU_SET = XLXI_1683_3_9" for instance <XLXI_1683_3>.
WARNING:Xst:2898 - Port 'CLR', unconnected in block instance 'XLXI_106', is tied to GND.
INFO:Xst:3210 - "C:\Users\Admin\Desktop\RoboticArm\RoboticArm\main.vf" line 793: Output port <CEO> of the instance <XLXI_106> is unconnected or connected to loadless signal.
INFO:Xst:3210 - "C:\Users\Admin\Desktop\RoboticArm\RoboticArm\main.vf" line 793: Output port <TC> of the instance <XLXI_106> is unconnected or connected to loadless signal.
    Summary:
	no macro.
Unit <segment_upgrade_MUSER_main> synthesized.

Synthesizing Unit <CB2CE_HXILINX_main>.
    Related source file is "C:\Users\Admin\Desktop\RoboticArm\RoboticArm\main.vf".
    Found 1-bit register for signal <Q1>.
    Found 1-bit register for signal <Q0>.
    Found 2-bit adder for signal <Q1_GND_15_o_add_0_OUT> created at line 400.
    Summary:
	inferred   1 Adder/Subtractor(s).
	inferred   2 D-type flip-flop(s).
Unit <CB2CE_HXILINX_main> synthesized.

Synthesizing Unit <D2_4E_HXILINX_main>.
    Related source file is "C:\Users\Admin\Desktop\RoboticArm\RoboticArm\main.vf".
    Summary:
	inferred   4 Multiplexer(s).
Unit <D2_4E_HXILINX_main> synthesized.

Synthesizing Unit <div100k_MUSER_main>.
    Related source file is "C:\Users\Admin\Desktop\RoboticArm\RoboticArm\main.vf".
INFO:Xst:3210 - "C:\Users\Admin\Desktop\RoboticArm\RoboticArm\main.vf" line 730: Output port <Bit0_P82> of the instance <XLXI_2> is unconnected or connected to loadless signal.
INFO:Xst:3210 - "C:\Users\Admin\Desktop\RoboticArm\RoboticArm\main.vf" line 730: Output port <Bit1_P81> of the instance <XLXI_2> is unconnected or connected to loadless signal.
INFO:Xst:3210 - "C:\Users\Admin\Desktop\RoboticArm\RoboticArm\main.vf" line 730: Output port <Bit2_P80> of the instance <XLXI_2> is unconnected or connected to loadless signal.
INFO:Xst:3210 - "C:\Users\Admin\Desktop\RoboticArm\RoboticArm\main.vf" line 730: Output port <Bit3_P79> of the instance <XLXI_2> is unconnected or connected to loadless signal.
INFO:Xst:3210 - "C:\Users\Admin\Desktop\RoboticArm\RoboticArm\main.vf" line 736: Output port <Bit0_P82> of the instance <XLXI_3> is unconnected or connected to loadless signal.
INFO:Xst:3210 - "C:\Users\Admin\Desktop\RoboticArm\RoboticArm\main.vf" line 736: Output port <Bit1_P81> of the instance <XLXI_3> is unconnected or connected to loadless signal.
INFO:Xst:3210 - "C:\Users\Admin\Desktop\RoboticArm\RoboticArm\main.vf" line 736: Output port <Bit2_P80> of the instance <XLXI_3> is unconnected or connected to loadless signal.
INFO:Xst:3210 - "C:\Users\Admin\Desktop\RoboticArm\RoboticArm\main.vf" line 736: Output port <Bit3_P79> of the instance <XLXI_3> is unconnected or connected to loadless signal.
INFO:Xst:3210 - "C:\Users\Admin\Desktop\RoboticArm\RoboticArm\main.vf" line 742: Output port <Bit0_P82> of the instance <XLXI_4> is unconnected or connected to loadless signal.
INFO:Xst:3210 - "C:\Users\Admin\Desktop\RoboticArm\RoboticArm\main.vf" line 742: Output port <Bit1_P81> of the instance <XLXI_4> is unconnected or connected to loadless signal.
INFO:Xst:3210 - "C:\Users\Admin\Desktop\RoboticArm\RoboticArm\main.vf" line 742: Output port <Bit2_P80> of the instance <XLXI_4> is unconnected or connected to loadless signal.
INFO:Xst:3210 - "C:\Users\Admin\Desktop\RoboticArm\RoboticArm\main.vf" line 742: Output port <Bit3_P79> of the instance <XLXI_4> is unconnected or connected to loadless signal.
INFO:Xst:3210 - "C:\Users\Admin\Desktop\RoboticArm\RoboticArm\main.vf" line 748: Output port <Bit0_P82> of the instance <XLXI_5> is unconnected or connected to loadless signal.
INFO:Xst:3210 - "C:\Users\Admin\Desktop\RoboticArm\RoboticArm\main.vf" line 748: Output port <Bit1_P81> of the instance <XLXI_5> is unconnected or connected to loadless signal.
INFO:Xst:3210 - "C:\Users\Admin\Desktop\RoboticArm\RoboticArm\main.vf" line 748: Output port <Bit2_P80> of the instance <XLXI_5> is unconnected or connected to loadless signal.
INFO:Xst:3210 - "C:\Users\Admin\Desktop\RoboticArm\RoboticArm\main.vf" line 748: Output port <Bit3_P79> of the instance <XLXI_5> is unconnected or connected to loadless signal.
INFO:Xst:3210 - "C:\Users\Admin\Desktop\RoboticArm\RoboticArm\main.vf" line 754: Output port <Bit0_P82> of the instance <XLXI_6> is unconnected or connected to loadless signal.
INFO:Xst:3210 - "C:\Users\Admin\Desktop\RoboticArm\RoboticArm\main.vf" line 754: Output port <Bit1_P81> of the instance <XLXI_6> is unconnected or connected to loadless signal.
INFO:Xst:3210 - "C:\Users\Admin\Desktop\RoboticArm\RoboticArm\main.vf" line 754: Output port <Bit2_P80> of the instance <XLXI_6> is unconnected or connected to loadless signal.
INFO:Xst:3210 - "C:\Users\Admin\Desktop\RoboticArm\RoboticArm\main.vf" line 754: Output port <Bit3_P79> of the instance <XLXI_6> is unconnected or connected to loadless signal.
    Summary:
	no macro.
Unit <div100k_MUSER_main> synthesized.

Synthesizing Unit <count09_MUSER_main>.
    Related source file is "C:\Users\Admin\Desktop\RoboticArm\RoboticArm\main.vf".
    Set property "HU_SET = XLXI_1_3" for instance <XLXI_1>.
    Set property "HU_SET = XLXI_2_4" for instance <XLXI_2>.
    Set property "HU_SET = XLXI_3_5" for instance <XLXI_3>.
    Set property "HU_SET = XLXI_8_6" for instance <XLXI_8>.
    Set property "CLOCK_DEDICATED_ROUTE = TRUE" for signal <CLK_P45>.
    Summary:
	no macro.
Unit <count09_MUSER_main> synthesized.

Synthesizing Unit <FJKC_HXILINX_main>.
    Related source file is "C:\Users\Admin\Desktop\RoboticArm\RoboticArm\main.vf".
        INIT = 1'b0
    Found 1-bit register for signal <Q>.
    Summary:
	inferred   1 D-type flip-flop(s).
	inferred   2 Multiplexer(s).
Unit <FJKC_HXILINX_main> synthesized.

Synthesizing Unit <M4_1E_HXILINX_main>.
    Related source file is "C:\Users\Admin\Desktop\RoboticArm\RoboticArm\main.vf".
    Found 1-bit 4-to-1 multiplexer for signal <S1_D3_Mux_0_o> created at line 282.
    Summary:
	inferred   2 Multiplexer(s).
Unit <M4_1E_HXILINX_main> synthesized.

Synthesizing Unit <HEX2SEG_MUSER_main>.
    Related source file is "C:\Users\Admin\Desktop\RoboticArm\RoboticArm\main.vf".
    Set property "HU_SET = XLXI_1_0" for instance <XLXI_1>.
    Set property "HU_SET = XLXI_6_1" for instance <XLXI_6>.
    Set property "HU_SET = XLXI_8_2" for instance <XLXI_8>.
INFO:Xst:3210 - "C:\Users\Admin\Desktop\RoboticArm\RoboticArm\main.vf" line 567: Output port <D8> of the instance <XLXI_1> is unconnected or connected to loadless signal.
    Summary:
	no macro.
Unit <HEX2SEG_MUSER_main> synthesized.

Synthesizing Unit <D4_16E_HXILINX_main>.
    Related source file is "C:\Users\Admin\Desktop\RoboticArm\RoboticArm\main.vf".
    Summary:
	inferred  16 Multiplexer(s).
Unit <D4_16E_HXILINX_main> synthesized.

Synthesizing Unit <OR6_HXILINX_main>.
    Related source file is "C:\Users\Admin\Desktop\RoboticArm\RoboticArm\main.vf".
    Summary:
	no macro.
Unit <OR6_HXILINX_main> synthesized.

Synthesizing Unit <RegSIPO_16_MUSER_main>.
    Related source file is "C:\Users\Admin\Desktop\RoboticArm\RoboticArm\main.vf".
    Summary:
	no macro.
Unit <RegSIPO_16_MUSER_main> synthesized.

Synthesizing Unit <RegPIPO_16_MUSER_main>.
    Related source file is "C:\Users\Admin\Desktop\RoboticArm\RoboticArm\main.vf".
    Summary:
	no macro.
Unit <RegPIPO_16_MUSER_main> synthesized.

=========================================================================
HDL Synthesis Report

Macro Statistics
# Adders/Subtractors                                   : 5
 16-bit adder                                          : 1
 2-bit adder                                           : 1
 4-bit adder                                           : 3
# Registers                                            : 37
 1-bit register                                        : 35
 16-bit register                                       : 1
 2-bit register                                        : 1
# Comparators                                          : 3
 16-bit comparator equal                               : 1
 16-bit comparator greater                             : 2
# Multiplexers                                         : 83
 1-bit 2-to-1 multiplexer                              : 79
 1-bit 4-to-1 multiplexer                              : 4

=========================================================================

=========================================================================
*                       Advanced HDL Synthesis                          *
=========================================================================


Synthesizing (advanced) Unit <CB2CE_HXILINX_main>.
The following registers are absorbed into counter <Q0_Q1>: 1 register on signal <Q0_Q1>.
Unit <CB2CE_HXILINX_main> synthesized (advanced).

Synthesizing (advanced) Unit <CC16CE_HXILINX_main>.
The following registers are absorbed into counter <Q>: 1 register on signal <Q>.
Unit <CC16CE_HXILINX_main> synthesized (advanced).

=========================================================================
Advanced HDL Synthesis Report

Macro Statistics
# Adders/Subtractors                                   : 3
 4-bit adder                                           : 3
# Counters                                             : 2
 16-bit up counter                                     : 1
 2-bit up counter                                      : 1
# Registers                                            : 67
 Flip-Flops                                            : 67
# Comparators                                          : 3
 16-bit comparator equal                               : 1
 16-bit comparator greater                             : 2
# Multiplexers                                         : 83
 1-bit 2-to-1 multiplexer                              : 79
 1-bit 4-to-1 multiplexer                              : 4

=========================================================================

=========================================================================
*                         Low Level Synthesis                           *
=========================================================================

Optimizing unit <main> ...

Optimizing unit <COMP16_HXILINX_main> ...

Optimizing unit <count09_MUSER_main> ...

Optimizing unit <HEX2SEG_MUSER_main> ...

Optimizing unit <RegSIPO_16_MUSER_main> ...

Optimizing unit <RegPIPO_16_MUSER_main> ...

Optimizing unit <COMPM16_HXILINX_main> ...

Optimizing unit <CD4CE_HXILINX_main> ...

Optimizing unit <FTC_HXILINX_main> ...

Optimizing unit <CC16CE_HXILINX_main> ...

Optimizing unit <FJKC_HXILINX_main> ...

Optimizing unit <M4_1E_HXILINX_main> ...

Optimizing unit <CB2CE_HXILINX_main> ...

Optimizing unit <D2_4E_HXILINX_main> ...

Optimizing unit <D4_16E_HXILINX_main> ...

Optimizing unit <OR6_HXILINX_main> ...

Optimizing unit <CB4CE_HXILINX_main> ...

Mapping all equations...
Building and optimizing final netlist ...
Found area constraint ratio of 100 (+ 5) on block main, actual ratio is 1.

Final Macro Processing ...

=========================================================================
Final Register Report

Macro Statistics
# Registers                                            : 85
 Flip-Flops                                            : 85

=========================================================================

=========================================================================
*                           Partition Report                            *
=========================================================================

Partition Implementation Status
-------------------------------

  No Partitions were found in this design.

-------------------------------

=========================================================================
*                            Design Summary                             *
=========================================================================

Top Level Output File Name         : main.ngc

Primitive and Black Box Usage:
------------------------------
# BELS                             : 197
#      AND4                        : 5
#      GND                         : 3
#      INV                         : 64
#      LUT1                        : 14
#      LUT2                        : 7
#      LUT3                        : 5
#      LUT4                        : 34
#      LUT5                        : 1
#      LUT6                        : 11
#      MUXCY                       : 28
#      OR4                         : 3
#      OR5                         : 2
#      VCC                         : 4
#      XORCY                       : 16
# FlipFlops/Latches                : 85
#      FD                          : 32
#      FDC                         : 20
#      FDCE                        : 31
#      FDE                         : 2
# Clock Buffers                    : 2
#      BUFGP                       : 2
# IO Buffers                       : 13
#      IBUF                        : 1
#      OBUF                        : 12
# Logical                          : 1
#      NAND3                       : 1

Device utilization summary:
---------------------------

Selected Device : 6slx9tqg144-3 


Slice Logic Utilization: 
 Number of Slice Registers:              85  out of  11440     0%  
 Number of Slice LUTs:                  136  out of   5720     2%  
    Number used as Logic:               136  out of   5720     2%  

Slice Logic Distribution: 
 Number of LUT Flip Flop pairs used:    221
   Number with an unused Flip Flop:     136  out of    221    61%  
   Number with an unused LUT:            85  out of    221    38%  
   Number of fully used LUT-FF pairs:     0  out of    221     0%  
   Number of unique control sets:        30

IO Utilization: 
 Number of IOs:                          15
 Number of bonded IOBs:                  15  out of    102    14%  

Specific Feature Utilization:
 Number of BUFG/BUFGCTRLs:                2  out of     16    12%  

---------------------------
Partition Resource Summary:
---------------------------

  No Partitions were found in this design.

---------------------------


=========================================================================
Timing Report

NOTE: THESE TIMING NUMBERS ARE ONLY A SYNTHESIS ESTIMATE.
      FOR ACCURATE TIMING INFORMATION PLEASE REFER TO THE TRACE REPORT
      GENERATED AFTER PLACE-and-ROUTE.

Clock Information:
------------------
----------------------------------------------------------+------------------------------------------+-------+
Clock Signal                                              | Clock buffer(FF name)                    | Load  |
----------------------------------------------------------+------------------------------------------+-------+
XLXI_1/XLXI_9/XLXI_8/TC(XLXI_1/XLXI_9/XLXI_8/Mmux_TC11:O) | NONE(*)(XLXI_1/XLXI_9/XLXI_3/Q3)         | 4     |
CLK_P123                                                  | BUFGP                                    | 5     |
XLXI_1/XLXI_9/XLXI_1/Q                                    | NONE(XLXI_1/XLXI_9/XLXI_4/Q)             | 1     |
XLXI_1/XLXI_9/XLXI_3/TC(XLXI_1/XLXI_9/XLXI_3/Mmux_TC11:O) | NONE(*)(XLXI_1/XLXI_9/XLXI_1/Q)          | 1     |
ESP_CLK_P23                                               | BUFGP                                    | 17    |
XLXI_1/XLXI_9/XLXI_4/Q                                    | NONE(XLXI_1/XLXI_2/Q_0)                  | 16    |
XLXI_32/XLXI_167/XLXI_6/XLXI_2/Q                          | NONE(XLXI_32/XLXI_167/XLXI_6/XLXI_3/Q)   | 1     |
XLXI_32/XLXI_167/XLXI_6/XLXI_8/Q                          | NONE(XLXI_32/XLXI_167/XLXI_6/XLXI_2/Q)   | 1     |
XLXI_32/XLXI_167/XLXI_6/XLXI_1/Q                          | NONE(XLXI_32/XLXI_167/XLXI_6/XLXI_8/Q)   | 1     |
XLXI_32/XLXI_167/XLXI_5/XLXI_2/Q                          | NONE(XLXI_32/XLXI_167/XLXI_5/XLXI_3/Q)   | 1     |
XLXI_32/XLXI_167/XLXI_5/XLXI_8/Q                          | NONE(XLXI_32/XLXI_167/XLXI_5/XLXI_2/Q)   | 1     |
XLXI_32/XLXI_167/XLXI_5/XLXI_1/Q                          | NONE(XLXI_32/XLXI_167/XLXI_5/XLXI_8/Q)   | 1     |
XLXI_32/XLXI_167/XLXN_13(XLXI_32/XLXI_167/XLXI_6/XLXI_7:O)| NONE(*)(XLXI_32/XLXI_167/XLXI_5/XLXI_1/Q)| 1     |
XLXI_32/XLXI_167/XLXI_4/XLXI_2/Q                          | NONE(XLXI_32/XLXI_167/XLXI_4/XLXI_3/Q)   | 1     |
XLXI_32/XLXI_167/XLXI_4/XLXI_8/Q                          | NONE(XLXI_32/XLXI_167/XLXI_4/XLXI_2/Q)   | 1     |
XLXI_32/XLXI_167/XLXI_4/XLXI_1/Q                          | NONE(XLXI_32/XLXI_167/XLXI_4/XLXI_8/Q)   | 1     |
XLXI_32/XLXI_167/XLXN_14(XLXI_32/XLXI_167/XLXI_5/XLXI_7:O)| NONE(*)(XLXI_32/XLXI_167/XLXI_4/XLXI_1/Q)| 1     |
XLXI_32/XLXI_167/XLXI_3/XLXI_2/Q                          | NONE(XLXI_32/XLXI_167/XLXI_3/XLXI_3/Q)   | 1     |
XLXI_32/XLXI_167/XLXI_3/XLXI_8/Q                          | NONE(XLXI_32/XLXI_167/XLXI_3/XLXI_2/Q)   | 1     |
XLXI_32/XLXI_167/XLXI_3/XLXI_1/Q                          | NONE(XLXI_32/XLXI_167/XLXI_3/XLXI_8/Q)   | 1     |
XLXI_32/XLXI_167/XLXN_15(XLXI_32/XLXI_167/XLXI_4/XLXI_7:O)| NONE(*)(XLXI_32/XLXI_167/XLXI_3/XLXI_1/Q)| 1     |
XLXI_32/XLXI_167/XLXI_2/XLXI_2/Q                          | NONE(XLXI_32/XLXI_167/XLXI_2/XLXI_3/Q)   | 1     |
XLXI_32/XLXI_167/XLXI_2/XLXI_8/Q                          | NONE(XLXI_32/XLXI_167/XLXI_2/XLXI_2/Q)   | 1     |
XLXI_32/XLXI_167/XLXI_2/XLXI_1/Q                          | NONE(XLXI_32/XLXI_167/XLXI_2/XLXI_8/Q)   | 1     |
XLXI_32/XLXI_167/XLXN_16(XLXI_32/XLXI_167/XLXI_3/XLXI_7:O)| NONE(*)(XLXI_32/XLXI_167/XLXI_2/XLXI_1/Q)| 1     |
XLXI_32/XLXN_423(XLXI_32/XLXI_167/XLXI_2/XLXI_7:O)        | NONE(*)(XLXI_32/XLXI_106/Q0_Q1_1)        | 2     |
XLXI_25/Q                                                 | NONE(XLXI_23/XLXI_1/Q3)                  | 4     |
XLXN_70(XLXI_23/XLXI_6:O)                                 | NONE(*)(XLXI_36/XLXI_42)                 | 16    |
----------------------------------------------------------+------------------------------------------+-------+
(*) These 8 clock signal(s) are generated by combinatorial logic,
and XST is not able to identify which are the primary clock signals.
Please use the CLOCK_SIGNAL constraint to specify the clock signal(s) generated by combinatorial logic.
INFO:Xst:2169 - HDL ADVISOR - Some clock signals were not automatically buffered by XST with BUFG/BUFR resources. Please use the buffer_type constraint in order to insert these buffers to the clock signals to help prevent skew problems.

Asynchronous Control Signals Information:
----------------------------------------
No asynchronous control signals found in this design

Timing Summary:
---------------
Speed Grade: -3

   Minimum period: 3.986ns (Maximum Frequency: 250.887MHz)
   Minimum input arrival time before clock: 1.903ns
   Maximum output required time after clock: 8.882ns
   Maximum combinational path delay: No path found

Timing Details:
---------------
All values displayed in nanoseconds (ns)

=========================================================================
Timing constraint: Default period analysis for Clock 'XLXI_1/XLXI_9/XLXI_8/TC'
  Clock period: 2.048ns (frequency: 488.317MHz)
  Total number of paths / destination ports: 11 / 4
-------------------------------------------------------------------------
Delay:               2.048ns (Levels of Logic = 1)
  Source:            XLXI_1/XLXI_9/XLXI_3/Q0 (FF)
  Destination:       XLXI_1/XLXI_9/XLXI_3/Q0 (FF)
  Source Clock:      XLXI_1/XLXI_9/XLXI_8/TC rising
  Destination Clock: XLXI_1/XLXI_9/XLXI_8/TC rising

  Data Path: XLXI_1/XLXI_9/XLXI_3/Q0 to XLXI_1/XLXI_9/XLXI_3/Q0
                                Gate     Net
    Cell:in->out      fanout   Delay   Delay  Logical Name (Net Name)
    ----------------------------------------  ------------
     FDCE:C->Q             5   0.447   0.714  Q0 (Q0)
     INV:I->O              1   0.206   0.579  Mmux_Q3_GND_8_o_MUX_47_o11_INV_0 (Q3_GND_8_o_MUX_47_o)
     FDCE:D                    0.102          Q0
    ----------------------------------------
    Total                      2.048ns (0.755ns logic, 1.293ns route)
                                       (36.9% logic, 63.1% route)

=========================================================================
Timing constraint: Default period analysis for Clock 'CLK_P123'
  Clock period: 3.956ns (frequency: 252.774MHz)
  Total number of paths / destination ports: 13 / 6
-------------------------------------------------------------------------
Delay:               3.956ns (Levels of Logic = 3)
  Source:            XLXI_32/XLXI_167/XLXI_6/XLXI_1/Q (FF)
  Destination:       XLXI_32/XLXI_167/XLXI_6/XLXI_1/Q (FF)
  Source Clock:      CLK_P123 rising
  Destination Clock: CLK_P123 rising

  Data Path: XLXI_32/XLXI_167/XLXI_6/XLXI_1/Q to XLXI_32/XLXI_167/XLXI_6/XLXI_1/Q
                                Gate     Net
    Cell:in->out      fanout   Delay   Delay  Logical Name (Net Name)
    ----------------------------------------  ------------
     FDC:C->Q              3   0.447   0.650  Q (Q)
     end scope: 'XLXI_32/XLXI_167/XLXI_6/XLXI_1:Q'
     INV:I->O              1   0.568   0.808  XLXI_32/XLXI_167/XLXI_6/XLXI_5 (XLXI_32/XLXI_167/XLXI_6/XLXN_6)
     AND4:I3->O            5   0.339   0.714  XLXI_32/XLXI_167/XLXI_6/XLXI_7 (XLXI_32/XLXI_167/XLXN_13)
     begin scope: 'XLXI_32/XLXI_167/XLXI_6/XLXI_1:CLR'
     FDC:CLR                   0.430          Q
    ----------------------------------------
    Total                      3.956ns (1.784ns logic, 2.172ns route)
                                       (45.1% logic, 54.9% route)

=========================================================================
Timing constraint: Default period analysis for Clock 'XLXI_1/XLXI_9/XLXI_1/Q'
  Clock period: 2.361ns (frequency: 423.612MHz)
  Total number of paths / destination ports: 1 / 1
-------------------------------------------------------------------------
Delay:               2.361ns (Levels of Logic = 1)
  Source:            XLXI_1/XLXI_9/XLXI_4/Q (FF)
  Destination:       XLXI_1/XLXI_9/XLXI_4/Q (FF)
  Source Clock:      XLXI_1/XLXI_9/XLXI_1/Q rising
  Destination Clock: XLXI_1/XLXI_9/XLXI_1/Q rising

  Data Path: XLXI_1/XLXI_9/XLXI_4/Q to XLXI_1/XLXI_9/XLXI_4/Q
                                Gate     Net
    Cell:in->out      fanout   Delay   Delay  Logical Name (Net Name)
    ----------------------------------------  ------------
     FDCE:C->Q            17   0.447   1.027  Q (Q)
     INV:I->O              1   0.206   0.579  Q_INV_2_o1_INV_0 (Q_INV_2_o)
     FDCE:D                    0.102          Q
    ----------------------------------------
    Total                      2.361ns (0.755ns logic, 1.606ns route)
                                       (32.0% logic, 68.0% route)

=========================================================================
Timing constraint: Default period analysis for Clock 'XLXI_1/XLXI_9/XLXI_3/TC'
  Clock period: 1.950ns (frequency: 512.794MHz)
  Total number of paths / destination ports: 1 / 1
-------------------------------------------------------------------------
Delay:               1.950ns (Levels of Logic = 1)
  Source:            XLXI_1/XLXI_9/XLXI_1/Q (FF)
  Destination:       XLXI_1/XLXI_9/XLXI_1/Q (FF)
  Source Clock:      XLXI_1/XLXI_9/XLXI_3/TC rising
  Destination Clock: XLXI_1/XLXI_9/XLXI_3/TC rising

  Data Path: XLXI_1/XLXI_9/XLXI_1/Q to XLXI_1/XLXI_9/XLXI_1/Q
                                Gate     Net
    Cell:in->out      fanout   Delay   Delay  Logical Name (Net Name)
    ----------------------------------------  ------------
     FDCE:C->Q             2   0.447   0.616  Q (Q)
     INV:I->O              1   0.206   0.579  Q_INV_2_o1_INV_0 (Q_INV_2_o)
     FDCE:D                    0.102          Q
    ----------------------------------------
    Total                      1.950ns (0.755ns logic, 1.195ns route)
                                       (38.7% logic, 61.3% route)

=========================================================================
Timing constraint: Default period analysis for Clock 'ESP_CLK_P23'
  Clock period: 2.048ns (frequency: 488.317MHz)
  Total number of paths / destination ports: 16 / 16
-------------------------------------------------------------------------
Delay:               2.048ns (Levels of Logic = 1)
  Source:            XLXI_25/Q (FF)
  Destination:       XLXI_25/Q (FF)
  Source Clock:      ESP_CLK_P23 rising
  Destination Clock: ESP_CLK_P23 rising

  Data Path: XLXI_25/Q to XLXI_25/Q
                                Gate     Net
    Cell:in->out      fanout   Delay   Delay  Logical Name (Net Name)
    ----------------------------------------  ------------
     FDCE:C->Q             5   0.447   0.714  Q (Q)
     INV:I->O              1   0.206   0.579  Q_INV_2_o1_INV_0 (Q_INV_2_o)
     FDCE:D                    0.102          Q
    ----------------------------------------
    Total                      2.048ns (0.755ns logic, 1.293ns route)
                                       (36.9% logic, 63.1% route)

=========================================================================
Timing constraint: Default period analysis for Clock 'XLXI_1/XLXI_9/XLXI_4/Q'
  Clock period: 3.503ns (frequency: 285.437MHz)
  Total number of paths / destination ports: 392 / 32
-------------------------------------------------------------------------
Delay:               3.503ns (Levels of Logic = 9)
  Source:            XLXI_1/XLXI_2/Q_2 (FF)
  Destination:       XLXI_1/XLXI_2/Q_0 (FF)
  Source Clock:      XLXI_1/XLXI_9/XLXI_4/Q rising
  Destination Clock: XLXI_1/XLXI_9/XLXI_4/Q rising

  Data Path: XLXI_1/XLXI_2/Q_2 to XLXI_1/XLXI_2/Q_0
                                Gate     Net
    Cell:in->out      fanout   Delay   Delay  Logical Name (Net Name)
    ----------------------------------------  ------------
     FDCE:C->Q             4   0.447   0.912  Q_2 (Q_2)
     end scope: 'XLXI_1/XLXI_2:Q<2>'
     begin scope: 'XLXI_1/XLXI_10:B<2>'
     LUT6:I3->O            1   0.205   0.000  Mcompar_EQ_lut<0> (Mcompar_EQ_lut<0>)
     MUXCY:S->O            1   0.172   0.000  Mcompar_EQ_cy<0> (Mcompar_EQ_cy<0>)
     MUXCY:CI->O           1   0.019   0.000  Mcompar_EQ_cy<1> (Mcompar_EQ_cy<1>)
     MUXCY:CI->O           1   0.019   0.000  Mcompar_EQ_cy<2> (Mcompar_EQ_cy<2>)
     MUXCY:CI->O           1   0.019   0.000  Mcompar_EQ_cy<3> (Mcompar_EQ_cy<3>)
     MUXCY:CI->O           1   0.019   0.000  Mcompar_EQ_cy<4> (Mcompar_EQ_cy<4>)
     MUXCY:CI->O          16   0.258   1.004  Mcompar_EQ_cy<5> (EQ)
     end scope: 'XLXI_1/XLXI_10:EQ'
     begin scope: 'XLXI_1/XLXI_2:CLR'
     FDCE:CLR                  0.430          Q_0
    ----------------------------------------
    Total                      3.503ns (1.588ns logic, 1.915ns route)
                                       (45.3% logic, 54.7% route)

=========================================================================
Timing constraint: Default period analysis for Clock 'XLXI_32/XLXI_167/XLXI_6/XLXI_2/Q'
  Clock period: 2.775ns (frequency: 360.328MHz)
  Total number of paths / destination ports: 2 / 2
-------------------------------------------------------------------------
Delay:               2.775ns (Levels of Logic = 2)
  Source:            XLXI_32/XLXI_167/XLXI_6/XLXI_3/Q (FF)
  Destination:       XLXI_32/XLXI_167/XLXI_6/XLXI_3/Q (FF)
  Source Clock:      XLXI_32/XLXI_167/XLXI_6/XLXI_2/Q falling
  Destination Clock: XLXI_32/XLXI_167/XLXI_6/XLXI_2/Q falling

  Data Path: XLXI_32/XLXI_167/XLXI_6/XLXI_3/Q to XLXI_32/XLXI_167/XLXI_6/XLXI_3/Q
                                Gate     Net
    Cell:in->out      fanout   Delay   Delay  Logical Name (Net Name)
    ----------------------------------------  ------------
     FDC:C->Q              2   0.447   0.981  Q (Q)
     end scope: 'XLXI_32/XLXI_167/XLXI_6/XLXI_3:Q'
     AND4:I0->O            5   0.203   0.714  XLXI_32/XLXI_167/XLXI_6/XLXI_7 (XLXI_32/XLXI_167/XLXN_13)
     begin scope: 'XLXI_32/XLXI_167/XLXI_6/XLXI_3:CLR'
     FDC:CLR                   0.430          Q
    ----------------------------------------
    Total                      2.775ns (1.080ns logic, 1.695ns route)
                                       (38.9% logic, 61.1% route)

=========================================================================
Timing constraint: Default period analysis for Clock 'XLXI_32/XLXI_167/XLXI_6/XLXI_8/Q'
  Clock period: 3.956ns (frequency: 252.774MHz)
  Total number of paths / destination ports: 2 / 2
-------------------------------------------------------------------------
Delay:               3.956ns (Levels of Logic = 3)
  Source:            XLXI_32/XLXI_167/XLXI_6/XLXI_2/Q (FF)
  Destination:       XLXI_32/XLXI_167/XLXI_6/XLXI_2/Q (FF)
  Source Clock:      XLXI_32/XLXI_167/XLXI_6/XLXI_8/Q falling
  Destination Clock: XLXI_32/XLXI_167/XLXI_6/XLXI_8/Q falling

  Data Path: XLXI_32/XLXI_167/XLXI_6/XLXI_2/Q to XLXI_32/XLXI_167/XLXI_6/XLXI_2/Q
                                Gate     Net
    Cell:in->out      fanout   Delay   Delay  Logical Name (Net Name)
    ----------------------------------------  ------------
     FDC:C->Q              3   0.447   0.650  Q (Q)
     end scope: 'XLXI_32/XLXI_167/XLXI_6/XLXI_2:Q'
     INV:I->O              1   0.568   0.924  XLXI_32/XLXI_167/XLXI_6/XLXI_6 (XLXI_32/XLXI_167/XLXI_6/XLXN_5)
     AND4:I1->O            5   0.223   0.714  XLXI_32/XLXI_167/XLXI_6/XLXI_7 (XLXI_32/XLXI_167/XLXN_13)
     begin scope: 'XLXI_32/XLXI_167/XLXI_6/XLXI_2:CLR'
     FDC:CLR                   0.430          Q
    ----------------------------------------
    Total                      3.956ns (1.668ns logic, 2.288ns route)
                                       (42.2% logic, 57.8% route)

=========================================================================
Timing constraint: Default period analysis for Clock 'XLXI_32/XLXI_167/XLXI_6/XLXI_1/Q'
  Clock period: 2.809ns (frequency: 355.967MHz)
  Total number of paths / destination ports: 2 / 2
-------------------------------------------------------------------------
Delay:               2.809ns (Levels of Logic = 2)
  Source:            XLXI_32/XLXI_167/XLXI_6/XLXI_8/Q (FF)
  Destination:       XLXI_32/XLXI_167/XLXI_6/XLXI_8/Q (FF)
  Source Clock:      XLXI_32/XLXI_167/XLXI_6/XLXI_1/Q falling
  Destination Clock: XLXI_32/XLXI_167/XLXI_6/XLXI_1/Q falling

  Data Path: XLXI_32/XLXI_167/XLXI_6/XLXI_8/Q to XLXI_32/XLXI_167/XLXI_6/XLXI_8/Q
                                Gate     Net
    Cell:in->out      fanout   Delay   Delay  Logical Name (Net Name)
    ----------------------------------------  ------------
     FDC:C->Q              3   0.447   0.898  Q (Q)
     end scope: 'XLXI_32/XLXI_167/XLXI_6/XLXI_8:Q'
     AND4:I2->O            5   0.320   0.714  XLXI_32/XLXI_167/XLXI_6/XLXI_7 (XLXI_32/XLXI_167/XLXN_13)
     begin scope: 'XLXI_32/XLXI_167/XLXI_6/XLXI_8:CLR'
     FDC:CLR                   0.430          Q
    ----------------------------------------
    Total                      2.809ns (1.197ns logic, 1.612ns route)
                                       (42.6% logic, 57.4% route)

=========================================================================
Timing constraint: Default period analysis for Clock 'XLXI_32/XLXI_167/XLXI_5/XLXI_2/Q'
  Clock period: 2.775ns (frequency: 360.328MHz)
  Total number of paths / destination ports: 2 / 2
-------------------------------------------------------------------------
Delay:               2.775ns (Levels of Logic = 2)
  Source:            XLXI_32/XLXI_167/XLXI_5/XLXI_3/Q (FF)
  Destination:       XLXI_32/XLXI_167/XLXI_5/XLXI_3/Q (FF)
  Source Clock:      XLXI_32/XLXI_167/XLXI_5/XLXI_2/Q falling
  Destination Clock: XLXI_32/XLXI_167/XLXI_5/XLXI_2/Q falling

  Data Path: XLXI_32/XLXI_167/XLXI_5/XLXI_3/Q to XLXI_32/XLXI_167/XLXI_5/XLXI_3/Q
                                Gate     Net
    Cell:in->out      fanout   Delay   Delay  Logical Name (Net Name)
    ----------------------------------------  ------------
     FDC:C->Q              2   0.447   0.981  Q (Q)
     end scope: 'XLXI_32/XLXI_167/XLXI_5/XLXI_3:Q'
     AND4:I0->O            5   0.203   0.714  XLXI_32/XLXI_167/XLXI_5/XLXI_7 (XLXI_32/XLXI_167/XLXN_14)
     begin scope: 'XLXI_32/XLXI_167/XLXI_5/XLXI_3:CLR'
     FDC:CLR                   0.430          Q
    ----------------------------------------
    Total                      2.775ns (1.080ns logic, 1.695ns route)
                                       (38.9% logic, 61.1% route)

=========================================================================
Timing constraint: Default period analysis for Clock 'XLXI_32/XLXI_167/XLXI_5/XLXI_8/Q'
  Clock period: 3.956ns (frequency: 252.774MHz)
  Total number of paths / destination ports: 2 / 2
-------------------------------------------------------------------------
Delay:               3.956ns (Levels of Logic = 3)
  Source:            XLXI_32/XLXI_167/XLXI_5/XLXI_2/Q (FF)
  Destination:       XLXI_32/XLXI_167/XLXI_5/XLXI_2/Q (FF)
  Source Clock:      XLXI_32/XLXI_167/XLXI_5/XLXI_8/Q falling
  Destination Clock: XLXI_32/XLXI_167/XLXI_5/XLXI_8/Q falling

  Data Path: XLXI_32/XLXI_167/XLXI_5/XLXI_2/Q to XLXI_32/XLXI_167/XLXI_5/XLXI_2/Q
                                Gate     Net
    Cell:in->out      fanout   Delay   Delay  Logical Name (Net Name)
    ----------------------------------------  ------------
     FDC:C->Q              3   0.447   0.650  Q (Q)
     end scope: 'XLXI_32/XLXI_167/XLXI_5/XLXI_2:Q'
     INV:I->O              1   0.568   0.924  XLXI_32/XLXI_167/XLXI_5/XLXI_6 (XLXI_32/XLXI_167/XLXI_5/XLXN_5)
     AND4:I1->O            5   0.223   0.714  XLXI_32/XLXI_167/XLXI_5/XLXI_7 (XLXI_32/XLXI_167/XLXN_14)
     begin scope: 'XLXI_32/XLXI_167/XLXI_5/XLXI_2:CLR'
     FDC:CLR                   0.430          Q
    ----------------------------------------
    Total                      3.956ns (1.668ns logic, 2.288ns route)
                                       (42.2% logic, 57.8% route)

=========================================================================
Timing constraint: Default period analysis for Clock 'XLXI_32/XLXI_167/XLXI_5/XLXI_1/Q'
  Clock period: 2.809ns (frequency: 355.967MHz)
  Total number of paths / destination ports: 2 / 2
-------------------------------------------------------------------------
Delay:               2.809ns (Levels of Logic = 2)
  Source:            XLXI_32/XLXI_167/XLXI_5/XLXI_8/Q (FF)
  Destination:       XLXI_32/XLXI_167/XLXI_5/XLXI_8/Q (FF)
  Source Clock:      XLXI_32/XLXI_167/XLXI_5/XLXI_1/Q falling
  Destination Clock: XLXI_32/XLXI_167/XLXI_5/XLXI_1/Q falling

  Data Path: XLXI_32/XLXI_167/XLXI_5/XLXI_8/Q to XLXI_32/XLXI_167/XLXI_5/XLXI_8/Q
                                Gate     Net
    Cell:in->out      fanout   Delay   Delay  Logical Name (Net Name)
    ----------------------------------------  ------------
     FDC:C->Q              3   0.447   0.898  Q (Q)
     end scope: 'XLXI_32/XLXI_167/XLXI_5/XLXI_8:Q'
     AND4:I2->O            5   0.320   0.714  XLXI_32/XLXI_167/XLXI_5/XLXI_7 (XLXI_32/XLXI_167/XLXN_14)
     begin scope: 'XLXI_32/XLXI_167/XLXI_5/XLXI_8:CLR'
     FDC:CLR                   0.430          Q
    ----------------------------------------
    Total                      2.809ns (1.197ns logic, 1.612ns route)
                                       (42.6% logic, 57.4% route)

=========================================================================
Timing constraint: Default period analysis for Clock 'XLXI_32/XLXI_167/XLXN_13'
  Clock period: 3.956ns (frequency: 252.774MHz)
  Total number of paths / destination ports: 2 / 2
-------------------------------------------------------------------------
Delay:               3.956ns (Levels of Logic = 3)
  Source:            XLXI_32/XLXI_167/XLXI_5/XLXI_1/Q (FF)
  Destination:       XLXI_32/XLXI_167/XLXI_5/XLXI_1/Q (FF)
  Source Clock:      XLXI_32/XLXI_167/XLXN_13 rising
  Destination Clock: XLXI_32/XLXI_167/XLXN_13 rising

  Data Path: XLXI_32/XLXI_167/XLXI_5/XLXI_1/Q to XLXI_32/XLXI_167/XLXI_5/XLXI_1/Q
                                Gate     Net
    Cell:in->out      fanout   Delay   Delay  Logical Name (Net Name)
    ----------------------------------------  ------------
     FDC:C->Q              3   0.447   0.650  Q (Q)
     end scope: 'XLXI_32/XLXI_167/XLXI_5/XLXI_1:Q'
     INV:I->O              1   0.568   0.808  XLXI_32/XLXI_167/XLXI_5/XLXI_5 (XLXI_32/XLXI_167/XLXI_5/XLXN_6)
     AND4:I3->O            5   0.339   0.714  XLXI_32/XLXI_167/XLXI_5/XLXI_7 (XLXI_32/XLXI_167/XLXN_14)
     begin scope: 'XLXI_32/XLXI_167/XLXI_5/XLXI_1:CLR'
     FDC:CLR                   0.430          Q
    ----------------------------------------
    Total                      3.956ns (1.784ns logic, 2.172ns route)
                                       (45.1% logic, 54.9% route)

=========================================================================
Timing constraint: Default period analysis for Clock 'XLXI_32/XLXI_167/XLXI_4/XLXI_2/Q'
  Clock period: 2.775ns (frequency: 360.328MHz)
  Total number of paths / destination ports: 2 / 2
-------------------------------------------------------------------------
Delay:               2.775ns (Levels of Logic = 2)
  Source:            XLXI_32/XLXI_167/XLXI_4/XLXI_3/Q (FF)
  Destination:       XLXI_32/XLXI_167/XLXI_4/XLXI_3/Q (FF)
  Source Clock:      XLXI_32/XLXI_167/XLXI_4/XLXI_2/Q falling
  Destination Clock: XLXI_32/XLXI_167/XLXI_4/XLXI_2/Q falling

  Data Path: XLXI_32/XLXI_167/XLXI_4/XLXI_3/Q to XLXI_32/XLXI_167/XLXI_4/XLXI_3/Q
                                Gate     Net
    Cell:in->out      fanout   Delay   Delay  Logical Name (Net Name)
    ----------------------------------------  ------------
     FDC:C->Q              2   0.447   0.981  Q (Q)
     end scope: 'XLXI_32/XLXI_167/XLXI_4/XLXI_3:Q'
     AND4:I0->O            5   0.203   0.714  XLXI_32/XLXI_167/XLXI_4/XLXI_7 (XLXI_32/XLXI_167/XLXN_15)
     begin scope: 'XLXI_32/XLXI_167/XLXI_4/XLXI_3:CLR'
     FDC:CLR                   0.430          Q
    ----------------------------------------
    Total                      2.775ns (1.080ns logic, 1.695ns route)
                                       (38.9% logic, 61.1% route)

=========================================================================
Timing constraint: Default period analysis for Clock 'XLXI_32/XLXI_167/XLXI_4/XLXI_8/Q'
  Clock period: 3.956ns (frequency: 252.774MHz)
  Total number of paths / destination ports: 2 / 2
-------------------------------------------------------------------------
Delay:               3.956ns (Levels of Logic = 3)
  Source:            XLXI_32/XLXI_167/XLXI_4/XLXI_2/Q (FF)
  Destination:       XLXI_32/XLXI_167/XLXI_4/XLXI_2/Q (FF)
  Source Clock:      XLXI_32/XLXI_167/XLXI_4/XLXI_8/Q falling
  Destination Clock: XLXI_32/XLXI_167/XLXI_4/XLXI_8/Q falling

  Data Path: XLXI_32/XLXI_167/XLXI_4/XLXI_2/Q to XLXI_32/XLXI_167/XLXI_4/XLXI_2/Q
                                Gate     Net
    Cell:in->out      fanout   Delay   Delay  Logical Name (Net Name)
    ----------------------------------------  ------------
     FDC:C->Q              3   0.447   0.650  Q (Q)
     end scope: 'XLXI_32/XLXI_167/XLXI_4/XLXI_2:Q'
     INV:I->O              1   0.568   0.924  XLXI_32/XLXI_167/XLXI_4/XLXI_6 (XLXI_32/XLXI_167/XLXI_4/XLXN_5)
     AND4:I1->O            5   0.223   0.714  XLXI_32/XLXI_167/XLXI_4/XLXI_7 (XLXI_32/XLXI_167/XLXN_15)
     begin scope: 'XLXI_32/XLXI_167/XLXI_4/XLXI_2:CLR'
     FDC:CLR                   0.430          Q
    ----------------------------------------
    Total                      3.956ns (1.668ns logic, 2.288ns route)
                                       (42.2% logic, 57.8% route)

=========================================================================
Timing constraint: Default period analysis for Clock 'XLXI_32/XLXI_167/XLXI_4/XLXI_1/Q'
  Clock period: 2.809ns (frequency: 355.967MHz)
  Total number of paths / destination ports: 2 / 2
-------------------------------------------------------------------------
Delay:               2.809ns (Levels of Logic = 2)
  Source:            XLXI_32/XLXI_167/XLXI_4/XLXI_8/Q (FF)
  Destination:       XLXI_32/XLXI_167/XLXI_4/XLXI_8/Q (FF)
  Source Clock:      XLXI_32/XLXI_167/XLXI_4/XLXI_1/Q falling
  Destination Clock: XLXI_32/XLXI_167/XLXI_4/XLXI_1/Q falling

  Data Path: XLXI_32/XLXI_167/XLXI_4/XLXI_8/Q to XLXI_32/XLXI_167/XLXI_4/XLXI_8/Q
                                Gate     Net
    Cell:in->out      fanout   Delay   Delay  Logical Name (Net Name)
    ----------------------------------------  ------------
     FDC:C->Q              3   0.447   0.898  Q (Q)
     end scope: 'XLXI_32/XLXI_167/XLXI_4/XLXI_8:Q'
     AND4:I2->O            5   0.320   0.714  XLXI_32/XLXI_167/XLXI_4/XLXI_7 (XLXI_32/XLXI_167/XLXN_15)
     begin scope: 'XLXI_32/XLXI_167/XLXI_4/XLXI_8:CLR'
     FDC:CLR                   0.430          Q
    ----------------------------------------
    Total                      2.809ns (1.197ns logic, 1.612ns route)
                                       (42.6% logic, 57.4% route)

=========================================================================
Timing constraint: Default period analysis for Clock 'XLXI_32/XLXI_167/XLXN_14'
  Clock period: 3.956ns (frequency: 252.774MHz)
  Total number of paths / destination ports: 2 / 2
-------------------------------------------------------------------------
Delay:               3.956ns (Levels of Logic = 3)
  Source:            XLXI_32/XLXI_167/XLXI_4/XLXI_1/Q (FF)
  Destination:       XLXI_32/XLXI_167/XLXI_4/XLXI_1/Q (FF)
  Source Clock:      XLXI_32/XLXI_167/XLXN_14 rising
  Destination Clock: XLXI_32/XLXI_167/XLXN_14 rising

  Data Path: XLXI_32/XLXI_167/XLXI_4/XLXI_1/Q to XLXI_32/XLXI_167/XLXI_4/XLXI_1/Q
                                Gate     Net
    Cell:in->out      fanout   Delay   Delay  Logical Name (Net Name)
    ----------------------------------------  ------------
     FDC:C->Q              3   0.447   0.650  Q (Q)
     end scope: 'XLXI_32/XLXI_167/XLXI_4/XLXI_1:Q'
     INV:I->O              1   0.568   0.808  XLXI_32/XLXI_167/XLXI_4/XLXI_5 (XLXI_32/XLXI_167/XLXI_4/XLXN_6)
     AND4:I3->O            5   0.339   0.714  XLXI_32/XLXI_167/XLXI_4/XLXI_7 (XLXI_32/XLXI_167/XLXN_15)
     begin scope: 'XLXI_32/XLXI_167/XLXI_4/XLXI_1:CLR'
     FDC:CLR                   0.430          Q
    ----------------------------------------
    Total                      3.956ns (1.784ns logic, 2.172ns route)
                                       (45.1% logic, 54.9% route)

=========================================================================
Timing constraint: Default period analysis for Clock 'XLXI_32/XLXI_167/XLXI_3/XLXI_2/Q'
  Clock period: 2.775ns (frequency: 360.328MHz)
  Total number of paths / destination ports: 2 / 2
-------------------------------------------------------------------------
Delay:               2.775ns (Levels of Logic = 2)
  Source:            XLXI_32/XLXI_167/XLXI_3/XLXI_3/Q (FF)
  Destination:       XLXI_32/XLXI_167/XLXI_3/XLXI_3/Q (FF)
  Source Clock:      XLXI_32/XLXI_167/XLXI_3/XLXI_2/Q falling
  Destination Clock: XLXI_32/XLXI_167/XLXI_3/XLXI_2/Q falling

  Data Path: XLXI_32/XLXI_167/XLXI_3/XLXI_3/Q to XLXI_32/XLXI_167/XLXI_3/XLXI_3/Q
                                Gate     Net
    Cell:in->out      fanout   Delay   Delay  Logical Name (Net Name)
    ----------------------------------------  ------------
     FDC:C->Q              2   0.447   0.981  Q (Q)
     end scope: 'XLXI_32/XLXI_167/XLXI_3/XLXI_3:Q'
     AND4:I0->O            5   0.203   0.714  XLXI_32/XLXI_167/XLXI_3/XLXI_7 (XLXI_32/XLXI_167/XLXN_16)
     begin scope: 'XLXI_32/XLXI_167/XLXI_3/XLXI_3:CLR'
     FDC:CLR                   0.430          Q
    ----------------------------------------
    Total                      2.775ns (1.080ns logic, 1.695ns route)
                                       (38.9% logic, 61.1% route)

=========================================================================
Timing constraint: Default period analysis for Clock 'XLXI_32/XLXI_167/XLXI_3/XLXI_8/Q'
  Clock period: 3.956ns (frequency: 252.774MHz)
  Total number of paths / destination ports: 2 / 2
-------------------------------------------------------------------------
Delay:               3.956ns (Levels of Logic = 3)
  Source:            XLXI_32/XLXI_167/XLXI_3/XLXI_2/Q (FF)
  Destination:       XLXI_32/XLXI_167/XLXI_3/XLXI_2/Q (FF)
  Source Clock:      XLXI_32/XLXI_167/XLXI_3/XLXI_8/Q falling
  Destination Clock: XLXI_32/XLXI_167/XLXI_3/XLXI_8/Q falling

  Data Path: XLXI_32/XLXI_167/XLXI_3/XLXI_2/Q to XLXI_32/XLXI_167/XLXI_3/XLXI_2/Q
                                Gate     Net
    Cell:in->out      fanout   Delay   Delay  Logical Name (Net Name)
    ----------------------------------------  ------------
     FDC:C->Q              3   0.447   0.650  Q (Q)
     end scope: 'XLXI_32/XLXI_167/XLXI_3/XLXI_2:Q'
     INV:I->O              1   0.568   0.924  XLXI_32/XLXI_167/XLXI_3/XLXI_6 (XLXI_32/XLXI_167/XLXI_3/XLXN_5)
     AND4:I1->O            5   0.223   0.714  XLXI_32/XLXI_167/XLXI_3/XLXI_7 (XLXI_32/XLXI_167/XLXN_16)
     begin scope: 'XLXI_32/XLXI_167/XLXI_3/XLXI_2:CLR'
     FDC:CLR                   0.430          Q
    ----------------------------------------
    Total                      3.956ns (1.668ns logic, 2.288ns route)
                                       (42.2% logic, 57.8% route)

=========================================================================
Timing constraint: Default period analysis for Clock 'XLXI_32/XLXI_167/XLXI_3/XLXI_1/Q'
  Clock period: 2.809ns (frequency: 355.967MHz)
  Total number of paths / destination ports: 2 / 2
-------------------------------------------------------------------------
Delay:               2.809ns (Levels of Logic = 2)
  Source:            XLXI_32/XLXI_167/XLXI_3/XLXI_8/Q (FF)
  Destination:       XLXI_32/XLXI_167/XLXI_3/XLXI_8/Q (FF)
  Source Clock:      XLXI_32/XLXI_167/XLXI_3/XLXI_1/Q falling
  Destination Clock: XLXI_32/XLXI_167/XLXI_3/XLXI_1/Q falling

  Data Path: XLXI_32/XLXI_167/XLXI_3/XLXI_8/Q to XLXI_32/XLXI_167/XLXI_3/XLXI_8/Q
                                Gate     Net
    Cell:in->out      fanout   Delay   Delay  Logical Name (Net Name)
    ----------------------------------------  ------------
     FDC:C->Q              3   0.447   0.898  Q (Q)
     end scope: 'XLXI_32/XLXI_167/XLXI_3/XLXI_8:Q'
     AND4:I2->O            5   0.320   0.714  XLXI_32/XLXI_167/XLXI_3/XLXI_7 (XLXI_32/XLXI_167/XLXN_16)
     begin scope: 'XLXI_32/XLXI_167/XLXI_3/XLXI_8:CLR'
     FDC:CLR                   0.430          Q
    ----------------------------------------
    Total                      2.809ns (1.197ns logic, 1.612ns route)
                                       (42.6% logic, 57.4% route)

=========================================================================
Timing constraint: Default period analysis for Clock 'XLXI_32/XLXI_167/XLXN_15'
  Clock period: 3.956ns (frequency: 252.774MHz)
  Total number of paths / destination ports: 2 / 2
-------------------------------------------------------------------------
Delay:               3.956ns (Levels of Logic = 3)
  Source:            XLXI_32/XLXI_167/XLXI_3/XLXI_1/Q (FF)
  Destination:       XLXI_32/XLXI_167/XLXI_3/XLXI_1/Q (FF)
  Source Clock:      XLXI_32/XLXI_167/XLXN_15 rising
  Destination Clock: XLXI_32/XLXI_167/XLXN_15 rising

  Data Path: XLXI_32/XLXI_167/XLXI_3/XLXI_1/Q to XLXI_32/XLXI_167/XLXI_3/XLXI_1/Q
                                Gate     Net
    Cell:in->out      fanout   Delay   Delay  Logical Name (Net Name)
    ----------------------------------------  ------------
     FDC:C->Q              3   0.447   0.650  Q (Q)
     end scope: 'XLXI_32/XLXI_167/XLXI_3/XLXI_1:Q'
     INV:I->O              1   0.568   0.808  XLXI_32/XLXI_167/XLXI_3/XLXI_5 (XLXI_32/XLXI_167/XLXI_3/XLXN_6)
     AND4:I3->O            5   0.339   0.714  XLXI_32/XLXI_167/XLXI_3/XLXI_7 (XLXI_32/XLXI_167/XLXN_16)
     begin scope: 'XLXI_32/XLXI_167/XLXI_3/XLXI_1:CLR'
     FDC:CLR                   0.430          Q
    ----------------------------------------
    Total                      3.956ns (1.784ns logic, 2.172ns route)
                                       (45.1% logic, 54.9% route)

=========================================================================
Timing constraint: Default period analysis for Clock 'XLXI_32/XLXI_167/XLXI_2/XLXI_2/Q'
  Clock period: 2.805ns (frequency: 356.506MHz)
  Total number of paths / destination ports: 2 / 2
-------------------------------------------------------------------------
Delay:               2.805ns (Levels of Logic = 2)
  Source:            XLXI_32/XLXI_167/XLXI_2/XLXI_3/Q (FF)
  Destination:       XLXI_32/XLXI_167/XLXI_2/XLXI_3/Q (FF)
  Source Clock:      XLXI_32/XLXI_167/XLXI_2/XLXI_2/Q falling
  Destination Clock: XLXI_32/XLXI_167/XLXI_2/XLXI_2/Q falling

  Data Path: XLXI_32/XLXI_167/XLXI_2/XLXI_3/Q to XLXI_32/XLXI_167/XLXI_2/XLXI_3/Q
                                Gate     Net
    Cell:in->out      fanout   Delay   Delay  Logical Name (Net Name)
    ----------------------------------------  ------------
     FDC:C->Q              2   0.447   0.981  Q (Q)
     end scope: 'XLXI_32/XLXI_167/XLXI_2/XLXI_3:Q'
     AND4:I0->O            6   0.203   0.744  XLXI_32/XLXI_167/XLXI_2/XLXI_7 (XLXI_32/XLXN_423)
     begin scope: 'XLXI_32/XLXI_167/XLXI_2/XLXI_3:CLR'
     FDC:CLR                   0.430          Q
    ----------------------------------------
    Total                      2.805ns (1.080ns logic, 1.725ns route)
                                       (38.5% logic, 61.5% route)

=========================================================================
Timing constraint: Default period analysis for Clock 'XLXI_32/XLXI_167/XLXI_2/XLXI_8/Q'
  Clock period: 3.986ns (frequency: 250.887MHz)
  Total number of paths / destination ports: 2 / 2
-------------------------------------------------------------------------
Delay:               3.986ns (Levels of Logic = 3)
  Source:            XLXI_32/XLXI_167/XLXI_2/XLXI_2/Q (FF)
  Destination:       XLXI_32/XLXI_167/XLXI_2/XLXI_2/Q (FF)
  Source Clock:      XLXI_32/XLXI_167/XLXI_2/XLXI_8/Q falling
  Destination Clock: XLXI_32/XLXI_167/XLXI_2/XLXI_8/Q falling

  Data Path: XLXI_32/XLXI_167/XLXI_2/XLXI_2/Q to XLXI_32/XLXI_167/XLXI_2/XLXI_2/Q
                                Gate     Net
    Cell:in->out      fanout   Delay   Delay  Logical Name (Net Name)
    ----------------------------------------  ------------
     FDC:C->Q              3   0.447   0.650  Q (Q)
     end scope: 'XLXI_32/XLXI_167/XLXI_2/XLXI_2:Q'
     INV:I->O              1   0.568   0.924  XLXI_32/XLXI_167/XLXI_2/XLXI_6 (XLXI_32/XLXI_167/XLXI_2/XLXN_5)
     AND4:I1->O            6   0.223   0.744  XLXI_32/XLXI_167/XLXI_2/XLXI_7 (XLXI_32/XLXN_423)
     begin scope: 'XLXI_32/XLXI_167/XLXI_2/XLXI_2:CLR'
     FDC:CLR                   0.430          Q
    ----------------------------------------
    Total                      3.986ns (1.668ns logic, 2.318ns route)
                                       (41.8% logic, 58.2% route)

=========================================================================
Timing constraint: Default period analysis for Clock 'XLXI_32/XLXI_167/XLXI_2/XLXI_1/Q'
  Clock period: 2.839ns (frequency: 352.237MHz)
  Total number of paths / destination ports: 2 / 2
-------------------------------------------------------------------------
Delay:               2.839ns (Levels of Logic = 2)
  Source:            XLXI_32/XLXI_167/XLXI_2/XLXI_8/Q (FF)
  Destination:       XLXI_32/XLXI_167/XLXI_2/XLXI_8/Q (FF)
  Source Clock:      XLXI_32/XLXI_167/XLXI_2/XLXI_1/Q falling
  Destination Clock: XLXI_32/XLXI_167/XLXI_2/XLXI_1/Q falling

  Data Path: XLXI_32/XLXI_167/XLXI_2/XLXI_8/Q to XLXI_32/XLXI_167/XLXI_2/XLXI_8/Q
                                Gate     Net
    Cell:in->out      fanout   Delay   Delay  Logical Name (Net Name)
    ----------------------------------------  ------------
     FDC:C->Q              3   0.447   0.898  Q (Q)
     end scope: 'XLXI_32/XLXI_167/XLXI_2/XLXI_8:Q'
     AND4:I2->O            6   0.320   0.744  XLXI_32/XLXI_167/XLXI_2/XLXI_7 (XLXI_32/XLXN_423)
     begin scope: 'XLXI_32/XLXI_167/XLXI_2/XLXI_8:CLR'
     FDC:CLR                   0.430          Q
    ----------------------------------------
    Total                      2.839ns (1.197ns logic, 1.642ns route)
                                       (42.2% logic, 57.8% route)

=========================================================================
Timing constraint: Default period analysis for Clock 'XLXI_32/XLXI_167/XLXN_16'
  Clock period: 3.986ns (frequency: 250.887MHz)
  Total number of paths / destination ports: 2 / 2
-------------------------------------------------------------------------
Delay:               3.986ns (Levels of Logic = 3)
  Source:            XLXI_32/XLXI_167/XLXI_2/XLXI_1/Q (FF)
  Destination:       XLXI_32/XLXI_167/XLXI_2/XLXI_1/Q (FF)
  Source Clock:      XLXI_32/XLXI_167/XLXN_16 rising
  Destination Clock: XLXI_32/XLXI_167/XLXN_16 rising

  Data Path: XLXI_32/XLXI_167/XLXI_2/XLXI_1/Q to XLXI_32/XLXI_167/XLXI_2/XLXI_1/Q
                                Gate     Net
    Cell:in->out      fanout   Delay   Delay  Logical Name (Net Name)
    ----------------------------------------  ------------
     FDC:C->Q              3   0.447   0.650  Q (Q)
     end scope: 'XLXI_32/XLXI_167/XLXI_2/XLXI_1:Q'
     INV:I->O              1   0.568   0.808  XLXI_32/XLXI_167/XLXI_2/XLXI_5 (XLXI_32/XLXI_167/XLXI_2/XLXN_6)
     AND4:I3->O            6   0.339   0.744  XLXI_32/XLXI_167/XLXI_2/XLXI_7 (XLXI_32/XLXN_423)
     begin scope: 'XLXI_32/XLXI_167/XLXI_2/XLXI_1:CLR'
     FDC:CLR                   0.430          Q
    ----------------------------------------
    Total                      3.986ns (1.784ns logic, 2.202ns route)
                                       (44.8% logic, 55.2% route)

=========================================================================
Timing constraint: Default period analysis for Clock 'XLXI_32/XLXN_423'
  Clock period: 2.190ns (frequency: 456.663MHz)
  Total number of paths / destination ports: 3 / 2
-------------------------------------------------------------------------
Delay:               2.190ns (Levels of Logic = 1)
  Source:            XLXI_32/XLXI_106/Q0_Q1_1 (FF)
  Destination:       XLXI_32/XLXI_106/Q0_Q1_1 (FF)
  Source Clock:      XLXI_32/XLXN_423 rising
  Destination Clock: XLXI_32/XLXN_423 rising

  Data Path: XLXI_32/XLXI_106/Q0_Q1_1 to XLXI_32/XLXI_106/Q0_Q1_1
                                Gate     Net
    Cell:in->out      fanout   Delay   Delay  Logical Name (Net Name)
    ----------------------------------------  ------------
     FDE:C->Q             10   0.447   0.856  Q0_Q1_1 (Q0_Q1_1)
     INV:I->O              1   0.206   0.579  Mcount_Q0_Q1_xor<0>11_INV_0 (Result<0>)
     FDE:D                     0.102          Q0_Q1_1
    ----------------------------------------
    Total                      2.190ns (0.755ns logic, 1.435ns route)
                                       (34.5% logic, 65.5% route)

=========================================================================
Timing constraint: Default period analysis for Clock 'XLXI_25/Q'
  Clock period: 2.048ns (frequency: 488.317MHz)
  Total number of paths / destination ports: 14 / 8
-------------------------------------------------------------------------
Delay:               2.048ns (Levels of Logic = 1)
  Source:            XLXI_23/XLXI_1/Q0 (FF)
  Destination:       XLXI_23/XLXI_1/Q0 (FF)
  Source Clock:      XLXI_25/Q rising
  Destination Clock: XLXI_25/Q rising

  Data Path: XLXI_23/XLXI_1/Q0 to XLXI_23/XLXI_1/Q0
                                Gate     Net
    Cell:in->out      fanout   Delay   Delay  Logical Name (Net Name)
    ----------------------------------------  ------------
     FDCE:C->Q             5   0.447   0.714  Q0 (Q0)
     INV:I->O              1   0.206   0.579  Madd_Q3_GND_12_o_add_0_OUT_xor<0>11_INV_0 (Q3_GND_12_o_add_0_OUT<0>)
     FDCE:D                    0.102          Q0
    ----------------------------------------
    Total                      2.048ns (0.755ns logic, 1.293ns route)
                                       (36.9% logic, 63.1% route)

=========================================================================
Timing constraint: Default OFFSET IN BEFORE for Clock 'ESP_CLK_P23'
  Total number of paths / destination ports: 1 / 1
-------------------------------------------------------------------------
Offset:              1.903ns (Levels of Logic = 1)
  Source:            ESP_IN_P5 (PAD)
  Destination:       XLXI_33/XLXI_1 (FF)
  Destination Clock: ESP_CLK_P23 rising

  Data Path: ESP_IN_P5 to XLXI_33/XLXI_1
                                Gate     Net
    Cell:in->out      fanout   Delay   Delay  Logical Name (Net Name)
    ----------------------------------------  ------------
     IBUF:I->O             1   1.222   0.579  ESP_IN_P5_IBUF (ESP_IN_P5_IBUF)
     FD:D                      0.102          XLXI_33/XLXI_1
    ----------------------------------------
    Total                      1.903ns (1.324ns logic, 0.579ns route)
                                       (69.6% logic, 30.4% route)

=========================================================================
Timing constraint: Default OFFSET OUT AFTER for Clock 'XLXI_32/XLXN_423'
  Total number of paths / destination ports: 280 / 11
-------------------------------------------------------------------------
Offset:              8.882ns (Levels of Logic = 8)
  Source:            XLXI_32/XLXI_106/Q0_Q1_1 (FF)
  Destination:       SEG<6> (PAD)
  Source Clock:      XLXI_32/XLXN_423 rising

  Data Path: XLXI_32/XLXI_106/Q0_Q1_1 to SEG<6>
                                Gate     Net
    Cell:in->out      fanout   Delay   Delay  Logical Name (Net Name)
    ----------------------------------------  ------------
     FDE:C->Q             10   0.447   1.221  Q0_Q1_1 (Q0_Q1_1)
     end scope: 'XLXI_32/XLXI_106:Q0'
     begin scope: 'XLXI_32/XLXI_1683_0:S0'
     LUT6:I0->O           15   0.203   1.229  Mmux_O11 (O)
     end scope: 'XLXI_32/XLXI_1683_0:O'
     begin scope: 'XLXI_32/XLXI_1687/XLXI_1:A0'
     LUT4:I0->O            5   0.203   1.059  Mmux_D1111 (D1)
     end scope: 'XLXI_32/XLXI_1687/XLXI_1:D1'
     OR4:I1->O             1   0.223   0.579  XLXI_32/XLXI_1687/XLXI_10 (XLXI_32/XLXI_1687/XLXN_26)
     INV:I->O              1   0.568   0.579  XLXI_32/XLXI_1687/XLXI_17 (SEG_6_OBUF)
     OBUF:I->O                 2.571          SEG_6_OBUF (SEG<6>)
    ----------------------------------------
    Total                      8.882ns (4.215ns logic, 4.667ns route)
                                       (47.5% logic, 52.5% route)

=========================================================================
Timing constraint: Default OFFSET OUT AFTER for Clock 'ESP_CLK_P23'
  Total number of paths / destination ports: 574 / 8
-------------------------------------------------------------------------
Offset:              8.720ns (Levels of Logic = 7)
  Source:            XLXI_33/XLXI_39 (FF)
  Destination:       SEG<6> (PAD)
  Source Clock:      ESP_CLK_P23 rising

  Data Path: XLXI_33/XLXI_39 to SEG<6>
                                Gate     Net
    Cell:in->out      fanout   Delay   Delay  Logical Name (Net Name)
    ----------------------------------------  ------------
     FD:C->Q               5   0.447   1.059  XLXI_33/XLXI_39 (PWM<12>)
     begin scope: 'XLXI_32/XLXI_1683_0:D3'
     LUT6:I1->O           15   0.203   1.229  Mmux_O11 (O)
     end scope: 'XLXI_32/XLXI_1683_0:O'
     begin scope: 'XLXI_32/XLXI_1687/XLXI_1:A0'
     LUT4:I0->O            5   0.203   1.059  Mmux_D1111 (D1)
     end scope: 'XLXI_32/XLXI_1687/XLXI_1:D1'
     OR4:I1->O             1   0.223   0.579  XLXI_32/XLXI_1687/XLXI_10 (XLXI_32/XLXI_1687/XLXN_26)
     INV:I->O              1   0.568   0.579  XLXI_32/XLXI_1687/XLXI_17 (SEG_6_OBUF)
     OBUF:I->O                 2.571          SEG_6_OBUF (SEG<6>)
    ----------------------------------------
    Total                      8.720ns (4.215ns logic, 4.505ns route)
                                       (48.3% logic, 51.7% route)

=========================================================================
Timing constraint: Default OFFSET OUT AFTER for Clock 'XLXI_1/XLXI_9/XLXI_4/Q'
  Total number of paths / destination ports: 30 / 1
-------------------------------------------------------------------------
Offset:              5.978ns (Levels of Logic = 12)
  Source:            XLXI_1/XLXI_2/Q_0 (FF)
  Destination:       PWM_Servo1 (PAD)
  Source Clock:      XLXI_1/XLXI_9/XLXI_4/Q rising

  Data Path: XLXI_1/XLXI_2/Q_0 to PWM_Servo1
                                Gate     Net
    Cell:in->out      fanout   Delay   Delay  Logical Name (Net Name)
    ----------------------------------------  ------------
     FDCE:C->Q             4   0.447   0.912  Q_0 (Q_0)
     end scope: 'XLXI_1/XLXI_2:Q<0>'
     begin scope: 'XLXI_1/XLXI_8:A<0>'
     LUT4:I1->O            1   0.205   0.000  Mcompar_LT_lut<0> (Mcompar_LT_lut<0>)
     MUXCY:S->O            1   0.172   0.000  Mcompar_LT_cy<0> (Mcompar_LT_cy<0>)
     MUXCY:CI->O           1   0.019   0.000  Mcompar_LT_cy<1> (Mcompar_LT_cy<1>)
     MUXCY:CI->O           1   0.019   0.000  Mcompar_LT_cy<2> (Mcompar_LT_cy<2>)
     MUXCY:CI->O           1   0.019   0.000  Mcompar_LT_cy<3> (Mcompar_LT_cy<3>)
     MUXCY:CI->O           1   0.019   0.000  Mcompar_LT_cy<4> (Mcompar_LT_cy<4>)
     MUXCY:CI->O           1   0.019   0.000  Mcompar_LT_cy<5> (Mcompar_LT_cy<5>)
     MUXCY:CI->O           1   0.213   0.580  Mcompar_LT_cy<6> (Mcompar_LT_cy<6>)
     LUT5:I4->O            1   0.205   0.579  Mcompar_LT_cy<7>_inv1 (LT)
     end scope: 'XLXI_1/XLXI_8:LT'
     OBUF:I->O                 2.571          PWM_Servo1_OBUF (PWM_Servo1)
    ----------------------------------------
    Total                      5.978ns (3.908ns logic, 2.070ns route)
                                       (65.4% logic, 34.6% route)

=========================================================================

Cross Clock Domains Report:
--------------------------

Clock to Setup on destination clock CLK_P123
--------------------------------+---------+---------+---------+---------+
                                | Src:Rise| Src:Fall| Src:Rise| Src:Fall|
Source Clock                    |Dest:Rise|Dest:Rise|Dest:Fall|Dest:Fall|
--------------------------------+---------+---------+---------+---------+
CLK_P123                        |    3.956|         |         |         |
XLXI_32/XLXI_167/XLXI_6/XLXI_1/Q|         |    2.809|         |         |
XLXI_32/XLXI_167/XLXI_6/XLXI_2/Q|         |    2.775|         |         |
XLXI_32/XLXI_167/XLXI_6/XLXI_8/Q|         |    3.956|         |         |
--------------------------------+---------+---------+---------+---------+

Clock to Setup on destination clock ESP_CLK_P23
---------------+---------+---------+---------+---------+
               | Src:Rise| Src:Fall| Src:Rise| Src:Fall|
Source Clock   |Dest:Rise|Dest:Rise|Dest:Fall|Dest:Fall|
---------------+---------+---------+---------+---------+
ESP_CLK_P23    |    2.048|         |         |         |
---------------+---------+---------+---------+---------+

Clock to Setup on destination clock XLXI_1/XLXI_9/XLXI_1/Q
----------------------+---------+---------+---------+---------+
                      | Src:Rise| Src:Fall| Src:Rise| Src:Fall|
Source Clock          |Dest:Rise|Dest:Rise|Dest:Fall|Dest:Fall|
----------------------+---------+---------+---------+---------+
XLXI_1/XLXI_9/XLXI_1/Q|    2.361|         |         |         |
----------------------+---------+---------+---------+---------+

Clock to Setup on destination clock XLXI_1/XLXI_9/XLXI_3/TC
-----------------------+---------+---------+---------+---------+
                       | Src:Rise| Src:Fall| Src:Rise| Src:Fall|
Source Clock           |Dest:Rise|Dest:Rise|Dest:Fall|Dest:Fall|
-----------------------+---------+---------+---------+---------+
XLXI_1/XLXI_9/XLXI_3/TC|    1.950|         |         |         |
-----------------------+---------+---------+---------+---------+

Clock to Setup on destination clock XLXI_1/XLXI_9/XLXI_4/Q
----------------------+---------+---------+---------+---------+
                      | Src:Rise| Src:Fall| Src:Rise| Src:Fall|
Source Clock          |Dest:Rise|Dest:Rise|Dest:Fall|Dest:Fall|
----------------------+---------+---------+---------+---------+
XLXI_1/XLXI_9/XLXI_4/Q|    3.503|         |         |         |
----------------------+---------+---------+---------+---------+

Clock to Setup on destination clock XLXI_1/XLXI_9/XLXI_8/TC
-----------------------+---------+---------+---------+---------+
                       | Src:Rise| Src:Fall| Src:Rise| Src:Fall|
Source Clock           |Dest:Rise|Dest:Rise|Dest:Fall|Dest:Fall|
-----------------------+---------+---------+---------+---------+
XLXI_1/XLXI_9/XLXI_8/TC|    2.048|         |         |         |
-----------------------+---------+---------+---------+---------+

Clock to Setup on destination clock XLXI_25/Q
---------------+---------+---------+---------+---------+
               | Src:Rise| Src:Fall| Src:Rise| Src:Fall|
Source Clock   |Dest:Rise|Dest:Rise|Dest:Fall|Dest:Fall|
---------------+---------+---------+---------+---------+
XLXI_25/Q      |    2.048|         |         |         |
---------------+---------+---------+---------+---------+

Clock to Setup on destination clock XLXI_32/XLXI_167/XLXI_2/XLXI_1/Q
--------------------------------+---------+---------+---------+---------+
                                | Src:Rise| Src:Fall| Src:Rise| Src:Fall|
Source Clock                    |Dest:Rise|Dest:Rise|Dest:Fall|Dest:Fall|
--------------------------------+---------+---------+---------+---------+
XLXI_32/XLXI_167/XLXI_2/XLXI_1/Q|         |         |    2.839|         |
XLXI_32/XLXI_167/XLXI_2/XLXI_2/Q|         |         |    2.805|         |
XLXI_32/XLXI_167/XLXI_2/XLXI_8/Q|         |         |    3.986|         |
XLXI_32/XLXI_167/XLXN_16        |         |         |    3.986|         |
--------------------------------+---------+---------+---------+---------+

Clock to Setup on destination clock XLXI_32/XLXI_167/XLXI_2/XLXI_2/Q
--------------------------------+---------+---------+---------+---------+
                                | Src:Rise| Src:Fall| Src:Rise| Src:Fall|
Source Clock                    |Dest:Rise|Dest:Rise|Dest:Fall|Dest:Fall|
--------------------------------+---------+---------+---------+---------+
XLXI_32/XLXI_167/XLXI_2/XLXI_1/Q|         |         |    2.839|         |
XLXI_32/XLXI_167/XLXI_2/XLXI_2/Q|         |         |    2.805|         |
XLXI_32/XLXI_167/XLXI_2/XLXI_8/Q|         |         |    3.986|         |
XLXI_32/XLXI_167/XLXN_16        |         |         |    3.986|         |
--------------------------------+---------+---------+---------+---------+

Clock to Setup on destination clock XLXI_32/XLXI_167/XLXI_2/XLXI_8/Q
--------------------------------+---------+---------+---------+---------+
                                | Src:Rise| Src:Fall| Src:Rise| Src:Fall|
Source Clock                    |Dest:Rise|Dest:Rise|Dest:Fall|Dest:Fall|
--------------------------------+---------+---------+---------+---------+
XLXI_32/XLXI_167/XLXI_2/XLXI_1/Q|         |         |    2.839|         |
XLXI_32/XLXI_167/XLXI_2/XLXI_2/Q|         |         |    2.805|         |
XLXI_32/XLXI_167/XLXI_2/XLXI_8/Q|         |         |    3.986|         |
XLXI_32/XLXI_167/XLXN_16        |         |         |    3.986|         |
--------------------------------+---------+---------+---------+---------+

Clock to Setup on destination clock XLXI_32/XLXI_167/XLXI_3/XLXI_1/Q
--------------------------------+---------+---------+---------+---------+
                                | Src:Rise| Src:Fall| Src:Rise| Src:Fall|
Source Clock                    |Dest:Rise|Dest:Rise|Dest:Fall|Dest:Fall|
--------------------------------+---------+---------+---------+---------+
XLXI_32/XLXI_167/XLXI_3/XLXI_1/Q|         |         |    2.809|         |
XLXI_32/XLXI_167/XLXI_3/XLXI_2/Q|         |         |    2.775|         |
XLXI_32/XLXI_167/XLXI_3/XLXI_8/Q|         |         |    3.956|         |
XLXI_32/XLXI_167/XLXN_15        |         |         |    3.956|         |
--------------------------------+---------+---------+---------+---------+

Clock to Setup on destination clock XLXI_32/XLXI_167/XLXI_3/XLXI_2/Q
--------------------------------+---------+---------+---------+---------+
                                | Src:Rise| Src:Fall| Src:Rise| Src:Fall|
Source Clock                    |Dest:Rise|Dest:Rise|Dest:Fall|Dest:Fall|
--------------------------------+---------+---------+---------+---------+
XLXI_32/XLXI_167/XLXI_3/XLXI_1/Q|         |         |    2.809|         |
XLXI_32/XLXI_167/XLXI_3/XLXI_2/Q|         |         |    2.775|         |
XLXI_32/XLXI_167/XLXI_3/XLXI_8/Q|         |         |    3.956|         |
XLXI_32/XLXI_167/XLXN_15        |         |         |    3.956|         |
--------------------------------+---------+---------+---------+---------+

Clock to Setup on destination clock XLXI_32/XLXI_167/XLXI_3/XLXI_8/Q
--------------------------------+---------+---------+---------+---------+
                                | Src:Rise| Src:Fall| Src:Rise| Src:Fall|
Source Clock                    |Dest:Rise|Dest:Rise|Dest:Fall|Dest:Fall|
--------------------------------+---------+---------+---------+---------+
XLXI_32/XLXI_167/XLXI_3/XLXI_1/Q|         |         |    2.809|         |
XLXI_32/XLXI_167/XLXI_3/XLXI_2/Q|         |         |    2.775|         |
XLXI_32/XLXI_167/XLXI_3/XLXI_8/Q|         |         |    3.956|         |
XLXI_32/XLXI_167/XLXN_15        |         |         |    3.956|         |
--------------------------------+---------+---------+---------+---------+

Clock to Setup on destination clock XLXI_32/XLXI_167/XLXI_4/XLXI_1/Q
--------------------------------+---------+---------+---------+---------+
                                | Src:Rise| Src:Fall| Src:Rise| Src:Fall|
Source Clock                    |Dest:Rise|Dest:Rise|Dest:Fall|Dest:Fall|
--------------------------------+---------+---------+---------+---------+
XLXI_32/XLXI_167/XLXI_4/XLXI_1/Q|         |         |    2.809|         |
XLXI_32/XLXI_167/XLXI_4/XLXI_2/Q|         |         |    2.775|         |
XLXI_32/XLXI_167/XLXI_4/XLXI_8/Q|         |         |    3.956|         |
XLXI_32/XLXI_167/XLXN_14        |         |         |    3.956|         |
--------------------------------+---------+---------+---------+---------+

Clock to Setup on destination clock XLXI_32/XLXI_167/XLXI_4/XLXI_2/Q
--------------------------------+---------+---------+---------+---------+
                                | Src:Rise| Src:Fall| Src:Rise| Src:Fall|
Source Clock                    |Dest:Rise|Dest:Rise|Dest:Fall|Dest:Fall|
--------------------------------+---------+---------+---------+---------+
XLXI_32/XLXI_167/XLXI_4/XLXI_1/Q|         |         |    2.809|         |
XLXI_32/XLXI_167/XLXI_4/XLXI_2/Q|         |         |    2.775|         |
XLXI_32/XLXI_167/XLXI_4/XLXI_8/Q|         |         |    3.956|         |
XLXI_32/XLXI_167/XLXN_14        |         |         |    3.956|         |
--------------------------------+---------+---------+---------+---------+

Clock to Setup on destination clock XLXI_32/XLXI_167/XLXI_4/XLXI_8/Q
--------------------------------+---------+---------+---------+---------+
                                | Src:Rise| Src:Fall| Src:Rise| Src:Fall|
Source Clock                    |Dest:Rise|Dest:Rise|Dest:Fall|Dest:Fall|
--------------------------------+---------+---------+---------+---------+
XLXI_32/XLXI_167/XLXI_4/XLXI_1/Q|         |         |    2.809|         |
XLXI_32/XLXI_167/XLXI_4/XLXI_2/Q|         |         |    2.775|         |
XLXI_32/XLXI_167/XLXI_4/XLXI_8/Q|         |         |    3.956|         |
XLXI_32/XLXI_167/XLXN_14        |         |         |    3.956|         |
--------------------------------+---------+---------+---------+---------+

Clock to Setup on destination clock XLXI_32/XLXI_167/XLXI_5/XLXI_1/Q
--------------------------------+---------+---------+---------+---------+
                                | Src:Rise| Src:Fall| Src:Rise| Src:Fall|
Source Clock                    |Dest:Rise|Dest:Rise|Dest:Fall|Dest:Fall|
--------------------------------+---------+---------+---------+---------+
XLXI_32/XLXI_167/XLXI_5/XLXI_1/Q|         |         |    2.809|         |
XLXI_32/XLXI_167/XLXI_5/XLXI_2/Q|         |         |    2.775|         |
XLXI_32/XLXI_167/XLXI_5/XLXI_8/Q|         |         |    3.956|         |
XLXI_32/XLXI_167/XLXN_13        |         |         |    3.956|         |
--------------------------------+---------+---------+---------+---------+

Clock to Setup on destination clock XLXI_32/XLXI_167/XLXI_5/XLXI_2/Q
--------------------------------+---------+---------+---------+---------+
                                | Src:Rise| Src:Fall| Src:Rise| Src:Fall|
Source Clock                    |Dest:Rise|Dest:Rise|Dest:Fall|Dest:Fall|
--------------------------------+---------+---------+---------+---------+
XLXI_32/XLXI_167/XLXI_5/XLXI_1/Q|         |         |    2.809|         |
XLXI_32/XLXI_167/XLXI_5/XLXI_2/Q|         |         |    2.775|         |
XLXI_32/XLXI_167/XLXI_5/XLXI_8/Q|         |         |    3.956|         |
XLXI_32/XLXI_167/XLXN_13        |         |         |    3.956|         |
--------------------------------+---------+---------+---------+---------+

Clock to Setup on destination clock XLXI_32/XLXI_167/XLXI_5/XLXI_8/Q
--------------------------------+---------+---------+---------+---------+
                                | Src:Rise| Src:Fall| Src:Rise| Src:Fall|
Source Clock                    |Dest:Rise|Dest:Rise|Dest:Fall|Dest:Fall|
--------------------------------+---------+---------+---------+---------+
XLXI_32/XLXI_167/XLXI_5/XLXI_1/Q|         |         |    2.809|         |
XLXI_32/XLXI_167/XLXI_5/XLXI_2/Q|         |         |    2.775|         |
XLXI_32/XLXI_167/XLXI_5/XLXI_8/Q|         |         |    3.956|         |
XLXI_32/XLXI_167/XLXN_13        |         |         |    3.956|         |
--------------------------------+---------+---------+---------+---------+

Clock to Setup on destination clock XLXI_32/XLXI_167/XLXI_6/XLXI_1/Q
--------------------------------+---------+---------+---------+---------+
                                | Src:Rise| Src:Fall| Src:Rise| Src:Fall|
Source Clock                    |Dest:Rise|Dest:Rise|Dest:Fall|Dest:Fall|
--------------------------------+---------+---------+---------+---------+
CLK_P123                        |         |         |    3.956|         |
XLXI_32/XLXI_167/XLXI_6/XLXI_1/Q|         |         |    2.809|         |
XLXI_32/XLXI_167/XLXI_6/XLXI_2/Q|         |         |    2.775|         |
XLXI_32/XLXI_167/XLXI_6/XLXI_8/Q|         |         |    3.956|         |
--------------------------------+---------+---------+---------+---------+

Clock to Setup on destination clock XLXI_32/XLXI_167/XLXI_6/XLXI_2/Q
--------------------------------+---------+---------+---------+---------+
                                | Src:Rise| Src:Fall| Src:Rise| Src:Fall|
Source Clock                    |Dest:Rise|Dest:Rise|Dest:Fall|Dest:Fall|
--------------------------------+---------+---------+---------+---------+
CLK_P123                        |         |         |    3.956|         |
XLXI_32/XLXI_167/XLXI_6/XLXI_1/Q|         |         |    2.809|         |
XLXI_32/XLXI_167/XLXI_6/XLXI_2/Q|         |         |    2.775|         |
XLXI_32/XLXI_167/XLXI_6/XLXI_8/Q|         |         |    3.956|         |
--------------------------------+---------+---------+---------+---------+

Clock to Setup on destination clock XLXI_32/XLXI_167/XLXI_6/XLXI_8/Q
--------------------------------+---------+---------+---------+---------+
                                | Src:Rise| Src:Fall| Src:Rise| Src:Fall|
Source Clock                    |Dest:Rise|Dest:Rise|Dest:Fall|Dest:Fall|
--------------------------------+---------+---------+---------+---------+
CLK_P123                        |         |         |    3.956|         |
XLXI_32/XLXI_167/XLXI_6/XLXI_1/Q|         |         |    2.809|         |
XLXI_32/XLXI_167/XLXI_6/XLXI_2/Q|         |         |    2.775|         |
XLXI_32/XLXI_167/XLXI_6/XLXI_8/Q|         |         |    3.956|         |
--------------------------------+---------+---------+---------+---------+

Clock to Setup on destination clock XLXI_32/XLXI_167/XLXN_13
--------------------------------+---------+---------+---------+---------+
                                | Src:Rise| Src:Fall| Src:Rise| Src:Fall|
Source Clock                    |Dest:Rise|Dest:Rise|Dest:Fall|Dest:Fall|
--------------------------------+---------+---------+---------+---------+
XLXI_32/XLXI_167/XLXI_5/XLXI_1/Q|         |    2.809|         |         |
XLXI_32/XLXI_167/XLXI_5/XLXI_2/Q|         |    2.775|         |         |
XLXI_32/XLXI_167/XLXI_5/XLXI_8/Q|         |    3.956|         |         |
XLXI_32/XLXI_167/XLXN_13        |    3.956|         |         |         |
--------------------------------+---------+---------+---------+---------+

Clock to Setup on destination clock XLXI_32/XLXI_167/XLXN_14
--------------------------------+---------+---------+---------+---------+
                                | Src:Rise| Src:Fall| Src:Rise| Src:Fall|
Source Clock                    |Dest:Rise|Dest:Rise|Dest:Fall|Dest:Fall|
--------------------------------+---------+---------+---------+---------+
XLXI_32/XLXI_167/XLXI_4/XLXI_1/Q|         |    2.809|         |         |
XLXI_32/XLXI_167/XLXI_4/XLXI_2/Q|         |    2.775|         |         |
XLXI_32/XLXI_167/XLXI_4/XLXI_8/Q|         |    3.956|         |         |
XLXI_32/XLXI_167/XLXN_14        |    3.956|         |         |         |
--------------------------------+---------+---------+---------+---------+

Clock to Setup on destination clock XLXI_32/XLXI_167/XLXN_15
--------------------------------+---------+---------+---------+---------+
                                | Src:Rise| Src:Fall| Src:Rise| Src:Fall|
Source Clock                    |Dest:Rise|Dest:Rise|Dest:Fall|Dest:Fall|
--------------------------------+---------+---------+---------+---------+
XLXI_32/XLXI_167/XLXI_3/XLXI_1/Q|         |    2.809|         |         |
XLXI_32/XLXI_167/XLXI_3/XLXI_2/Q|         |    2.775|         |         |
XLXI_32/XLXI_167/XLXI_3/XLXI_8/Q|         |    3.956|         |         |
XLXI_32/XLXI_167/XLXN_15        |    3.956|         |         |         |
--------------------------------+---------+---------+---------+---------+

Clock to Setup on destination clock XLXI_32/XLXI_167/XLXN_16
--------------------------------+---------+---------+---------+---------+
                                | Src:Rise| Src:Fall| Src:Rise| Src:Fall|
Source Clock                    |Dest:Rise|Dest:Rise|Dest:Fall|Dest:Fall|
--------------------------------+---------+---------+---------+---------+
XLXI_32/XLXI_167/XLXI_2/XLXI_1/Q|         |    2.839|         |         |
XLXI_32/XLXI_167/XLXI_2/XLXI_2/Q|         |    2.805|         |         |
XLXI_32/XLXI_167/XLXI_2/XLXI_8/Q|         |    3.986|         |         |
XLXI_32/XLXI_167/XLXN_16        |    3.986|         |         |         |
--------------------------------+---------+---------+---------+---------+

Clock to Setup on destination clock XLXI_32/XLXN_423
----------------+---------+---------+---------+---------+
                | Src:Rise| Src:Fall| Src:Rise| Src:Fall|
Source Clock    |Dest:Rise|Dest:Rise|Dest:Fall|Dest:Fall|
----------------+---------+---------+---------+---------+
XLXI_32/XLXN_423|    2.190|         |         |         |
----------------+---------+---------+---------+---------+

Clock to Setup on destination clock XLXN_70
---------------+---------+---------+---------+---------+
               | Src:Rise| Src:Fall| Src:Rise| Src:Fall|
Source Clock   |Dest:Rise|Dest:Rise|Dest:Fall|Dest:Fall|
---------------+---------+---------+---------+---------+
ESP_CLK_P23    |    1.263|         |         |         |
---------------+---------+---------+---------+---------+

=========================================================================


Total REAL time to Xst completion: 6.00 secs
Total CPU time to Xst completion: 5.32 secs
 
--> 

Total memory usage is 4486184 kilobytes

Number of errors   :    0 (   0 filtered)
Number of warnings :    8 (   0 filtered)
Number of infos    :   40 (   0 filtered)

